2026-01-15 13:51:08,236 [INFO] Activator:176 - 


2026-01-15 13:51:08,236 [INFO] Activator:177 - !SESSION log4j initialized
2026-01-15 13:51:10,342 [INFO] LogOutputStream:77 - [STDOUT_REDIRECT] 
2026-01-15 13:51:11,972 [INFO] ApplicationProperties:184 - Using Application install path: G:\STM32CubeIDE_1.19.0\STM32CubeIDE\plugins\com.st.stm32cube.common.mx_6.15.0.202507011659
2026-01-15 13:51:11,986 [INFO] DbMcusXml:78 - Set database path to: G:\STM32CubeIDE_1.19.0\STM32CubeIDE\plugins\com.st.stm32cube.common.mx_6.15.0.202507011659\\db\/mcu/
2026-01-15 13:51:11,986 [INFO] ApiDb:274 - Set plugin database path to: G:\STM32CubeIDE_1.19.0\STM32CubeIDE\plugins\com.st.stm32cube.common.mx_6.15.0.202507011659\\db\/plugins/boardmanager/
2026-01-15 13:51:11,987 [WARN] ApiDb:259 - Overriding images path with different value:  => G:\STM32CubeIDE_1.19.0\STM32CubeIDE\plugins\com.st.stm32cube.common.mx_6.15.0.202507011659\\db\/plugins/mcufinder/images/
2026-01-15 13:51:11,991 [INFO] ApiDb:250 - Set database path to: C:\Users\User\.stmcufinder\plugins\mcufinder//mcu/
2026-01-15 13:51:11,992 [INFO] DbMcusAds:125 - Set database path to: C:\Users\User\.stmcufinder\plugins\mcufinder//mcu/
2026-01-15 13:51:11,994 [INFO] CrossReferenceDbSqlite:203 - Set database path to: C:\Users\User\.stmcufinder\plugins\mcufinder//mcu/cs/
2026-01-15 13:51:12,105 [INFO] RulesReader:64 - Compatibility file has been processed (317 Rules)
2026-01-15 13:51:12,183 [INFO] DbMcusXml:78 - Set database path to: G:\STM32CubeIDE_1.19.0\STM32CubeIDE\plugins\com.st.stm32cube.common.mx_6.15.0.202507011659\\db\/mcu/
2026-01-15 13:51:12,183 [INFO] ApiDb:274 - Set plugin database path to: G:\STM32CubeIDE_1.19.0\STM32CubeIDE\plugins\com.st.stm32cube.common.mx_6.15.0.202507011659\\db\/plugins/boardmanager/
2026-01-15 13:51:12,183 [INFO] ApiDb:261 - Set plugin images path to: G:\STM32CubeIDE_1.19.0\STM32CubeIDE\plugins\com.st.stm32cube.common.mx_6.15.0.202507011659\\db\/plugins/mcufinder/images/
2026-01-15 13:51:12,183 [WARN] DbFile:41 - Overriding database path with different value: C:\Users\User\.stmcufinder\plugins\mcufinder/ => C:\Users\User\.stmcufinder\plugins\mcufinder
2026-01-15 13:51:12,183 [INFO] ApiDb:250 - Set database path to: C:\Users\User\.stmcufinder\plugins\mcufinder//mcu/
2026-01-15 13:51:12,183 [WARN] DbFile:41 - Overriding database path with different value: C:\Users\User\.stmcufinder\plugins\mcufinder/ => C:\Users\User\.stmcufinder\plugins\mcufinder
2026-01-15 13:51:12,183 [INFO] DbMcusAds:125 - Set database path to: C:\Users\User\.stmcufinder\plugins\mcufinder//mcu/
2026-01-15 13:51:12,183 [WARN] DbFile:41 - Overriding database path with different value: C:\Users\User\.stmcufinder\plugins\mcufinder/ => C:\Users\User\.stmcufinder\plugins\mcufinder
2026-01-15 13:51:12,183 [WARN] DbFile:41 - Overriding database path with different value: C:\Users\User\.stmcufinder\plugins\mcufinder/ => C:\Users\User\.stmcufinder\plugins\mcufinder
2026-01-15 13:51:12,184 [INFO] CrossReferenceDbSqlite:203 - Set database path to: C:\Users\User\.stmcufinder\plugins\mcufinder//mcu/cs/
2026-01-15 13:51:12,249 [INFO] MainPanel:274 - HeapMemory: 268435456
2026-01-15 13:51:12,320 [INFO] DbMcusXml:78 - Set database path to: G:\STM32CubeIDE_1.19.0\STM32CubeIDE\plugins\com.st.stm32cube.common.mx_6.15.0.202507011659\\db\/mcu/
2026-01-15 13:51:12,321 [INFO] ApiDb:274 - Set plugin database path to: G:\STM32CubeIDE_1.19.0\STM32CubeIDE\plugins\com.st.stm32cube.common.mx_6.15.0.202507011659\\db\/plugins/boardmanager/
2026-01-15 13:51:12,321 [INFO] ApiDb:261 - Set plugin images path to: G:\STM32CubeIDE_1.19.0\STM32CubeIDE\plugins\com.st.stm32cube.common.mx_6.15.0.202507011659\\db\/plugins/mcufinder/images/
2026-01-15 13:51:12,321 [WARN] DbFile:41 - Overriding database path with different value: C:\Users\User\.stmcufinder\plugins\mcufinder/ => C:\Users\User\.stmcufinder\plugins\mcufinder
2026-01-15 13:51:12,321 [INFO] ApiDb:250 - Set database path to: C:\Users\User\.stmcufinder\plugins\mcufinder//mcu/
2026-01-15 13:51:12,321 [WARN] DbFile:41 - Overriding database path with different value: C:\Users\User\.stmcufinder\plugins\mcufinder/ => C:\Users\User\.stmcufinder\plugins\mcufinder
2026-01-15 13:51:12,321 [INFO] DbMcusAds:125 - Set database path to: C:\Users\User\.stmcufinder\plugins\mcufinder//mcu/
2026-01-15 13:51:12,321 [WARN] DbFile:41 - Overriding database path with different value: C:\Users\User\.stmcufinder\plugins\mcufinder/ => C:\Users\User\.stmcufinder\plugins\mcufinder
2026-01-15 13:51:12,321 [WARN] DbFile:41 - Overriding database path with different value: C:\Users\User\.stmcufinder\plugins\mcufinder/ => C:\Users\User\.stmcufinder\plugins\mcufinder
2026-01-15 13:51:12,321 [INFO] CrossReferenceDbSqlite:203 - Set database path to: C:\Users\User\.stmcufinder\plugins\mcufinder//mcu/cs/
2026-01-15 13:51:12,337 [INFO] ApplicationProperties:184 - Using Application install path: G:\STM32CubeIDE_1.19.0\STM32CubeIDE\plugins\com.st.stm32cube.common.mx_6.15.0.202507011659
2026-01-15 13:51:12,339 [INFO] PluginManage:196 - Search for loadable plugins [exclusion list=, ]
2026-01-15 13:51:12,340 [INFO] PluginManage:310 - Check plugin analytics
2026-01-15 13:51:12,522 [INFO] AnalyticsPlugin:253 - Accepted Software Licenses: 
2026-01-15 13:51:12,522 [INFO] AnalyticsPlugin:255 - Accepted CMSIS Pack Licenses: 
2026-01-15 13:51:12,523 [INFO] AnalyticsPlugin:257 - Accepted Firmware Licenses: 
2026-01-15 13:51:12,525 [INFO] PluginManage:359 - Loaded plugin analytics (category:tool,tabindex:-1)
2026-01-15 13:51:12,526 [INFO] PluginManage:310 - Check plugin cadmodel
2026-01-15 13:51:12,529 [INFO] CADModel:105 - Init CAD model plugin
2026-01-15 13:51:12,530 [INFO] PluginManage:359 - Loaded plugin cadmodel (category:power,tabindex:5)
2026-01-15 13:51:12,530 [INFO] PluginManage:310 - Check plugin clock
2026-01-15 13:51:12,537 [INFO] PluginManage:359 - Loaded plugin clock (category:base,tabindex:2)
2026-01-15 13:51:12,537 [INFO] PluginManage:310 - Check plugin ddr
2026-01-15 13:51:12,539 [INFO] PluginManage:359 - Loaded plugin ddr (category:tool,tabindex:6)
2026-01-15 13:51:12,540 [INFO] PluginManage:310 - Check plugin filemanager
2026-01-15 13:51:12,706 [INFO] PluginManage:359 - Loaded plugin filemanager (category:base,tabindex:10)
2026-01-15 13:51:12,707 [INFO] PluginManage:310 - Check plugin ipmanager
2026-01-15 13:51:12,713 [INFO] PluginManage:359 - Loaded plugin ipmanager (category:base,tabindex:5)
2026-01-15 13:51:12,713 [INFO] PluginManage:310 - Check plugin lpbam
2026-01-15 13:51:12,719 [INFO] PluginManage:359 - Loaded plugin lpbam (category:base,tabindex:0)
2026-01-15 13:51:12,719 [INFO] PluginManage:310 - Check plugin memorymap
2026-01-15 13:51:12,729 [INFO] PluginManage:359 - Loaded plugin memorymap (category:base,tabindex:4)
2026-01-15 13:51:12,729 [INFO] PluginManage:310 - Check plugin pinoutandconfiguration
2026-01-15 13:51:12,735 [INFO] PluginManage:359 - Loaded plugin pinoutandconfiguration (category:base,tabindex:1)
2026-01-15 13:51:12,735 [INFO] PluginManage:310 - Check plugin pinoutconfig
2026-01-15 13:51:12,809 [WARN] SupportedApi:132 - Cannot load RTOS API schema: s4s-elt-must-match.1: The content of 'definitions' must match (annotation?, (simpleType | complexType)?, (unique | key | keyref)*)). A problem was found starting at: attribute.
2026-01-15 13:51:12,925 [INFO] PluginManage:359 - Loaded plugin pinoutconfig (category:base,tabindex:0)
2026-01-15 13:51:12,925 [INFO] PluginManage:310 - Check plugin power
2026-01-15 13:51:12,932 [INFO] PluginManage:359 - Loaded plugin power (category:power,tabindex:4)
2026-01-15 13:51:12,932 [INFO] PluginManage:310 - Check plugin projectmanager
2026-01-15 13:51:12,947 [INFO] PluginManage:359 - Loaded plugin projectmanager (category:projectmanager,tabindex:4)
2026-01-15 13:51:12,947 [INFO] PluginManage:310 - Check plugin rif
2026-01-15 13:51:12,960 [INFO] PluginManage:359 - Loaded plugin rif (category:base,tabindex:3)
2026-01-15 13:51:12,960 [INFO] PluginManage:310 - Check plugin thirdparty
2026-01-15 13:51:13,084 [INFO] PluginManage:359 - Loaded plugin thirdparty (category:base,tabindex:-1)
2026-01-15 13:51:13,085 [INFO] PluginManage:310 - Check plugin tools
2026-01-15 13:51:13,084 [WARN] IntegrityCheckThread:84 - waiting for thirdparty lock release [integrity check]
2026-01-15 13:51:13,085 [INFO] IntegrityCheckThread:86 - entering critical section [integrity check]
2026-01-15 13:51:13,085 [INFO] ThirdPartyUpdaterWithRetryManager:70 - Updater plugin not ready yet. [1/15]
2026-01-15 13:51:13,087 [INFO] PluginManage:359 - Loaded plugin tools (category:base,tabindex:7)
2026-01-15 13:51:13,088 [INFO] PluginManage:310 - Check plugin tutovideos
2026-01-15 13:51:13,236 [INFO] PluginManage:359 - Loaded plugin tutovideos (category:base,tabindex:-1)
2026-01-15 13:51:13,236 [INFO] PluginManage:310 - Check plugin updater
2026-01-15 13:51:13,252 [INFO] PluginManage:359 - Loaded plugin updater (category:base,tabindex:12)
2026-01-15 13:51:13,252 [INFO] PluginManage:310 - Check plugin userauth
2026-01-15 13:51:13,255 [INFO] UserAuth:118 - Init User Auth plugin
2026-01-15 13:51:13,255 [INFO] PluginManage:359 - Loaded plugin userauth (category:base,tabindex:14)
2026-01-15 13:51:13,256 [INFO] PluginManage:283 - PluginManage : Loaded plugins [18]
2026-01-15 13:51:13,436 [INFO] PinOutPanel:1589 - setPackage(No Configuration,No Configuration)
2026-01-15 13:51:13,504 [INFO] CADModel:165 - CPN selected for project level
2026-01-15 13:51:13,504 [INFO] CADModel:114 - Register for checkConnection events
2026-01-15 13:51:13,516 [INFO] IPUIPlugin:80 - create IPUIPlugin
2026-01-15 13:51:13,516 [INFO] PluginManager:220 - loadIPPluginJar : add adc
2026-01-15 13:51:13,518 [INFO] IPUIPlugin:80 - create IPUIPlugin
2026-01-15 13:51:13,518 [INFO] PluginManager:220 - loadIPPluginJar : add aes
2026-01-15 13:51:13,520 [INFO] IPUIPlugin:80 - create IPUIPlugin
2026-01-15 13:51:13,520 [INFO] PluginManager:220 - loadIPPluginJar : add can
2026-01-15 13:51:13,521 [INFO] IPUIPlugin:80 - create IPUIPlugin
2026-01-15 13:51:13,522 [INFO] PluginManager:220 - loadIPPluginJar : add comp
2026-01-15 13:51:13,523 [INFO] IPUIPlugin:80 - create IPUIPlugin
2026-01-15 13:51:13,523 [INFO] PluginManager:220 - loadIPPluginJar : add cryp
2026-01-15 13:51:13,525 [INFO] IPUIPlugin:80 - create IPUIPlugin
2026-01-15 13:51:13,525 [INFO] PluginManager:220 - loadIPPluginJar : add ddr_ctrl_phy
2026-01-15 13:51:13,527 [INFO] IPUIPlugin:80 - create IPUIPlugin
2026-01-15 13:51:13,527 [INFO] PluginManager:220 - loadIPPluginJar : add dfsdm
2026-01-15 13:51:13,531 [INFO] IPUIPlugin:80 - create IPUIPlugin
2026-01-15 13:51:13,531 [INFO] PluginManager:220 - loadIPPluginJar : add dma
2026-01-15 13:51:13,532 [INFO] IPUIPlugin:80 - create IPUIPlugin
2026-01-15 13:51:13,533 [INFO] PluginManager:220 - loadIPPluginJar : add dma3
2026-01-15 13:51:13,535 [INFO] IPUIPlugin:80 - create IPUIPlugin
2026-01-15 13:51:13,535 [INFO] PluginManager:220 - loadIPPluginJar : add extmemmanager
2026-01-15 13:51:13,536 [INFO] IPUIPlugin:80 - create IPUIPlugin
2026-01-15 13:51:13,536 [INFO] PluginManager:220 - loadIPPluginJar : add fatfs
2026-01-15 13:51:13,539 [INFO] IPUIPlugin:80 - create IPUIPlugin
2026-01-15 13:51:13,539 [INFO] PluginManager:220 - loadIPPluginJar : add fmc
2026-01-15 13:51:13,544 [INFO] IPUIPlugin:80 - create IPUIPlugin
2026-01-15 13:51:13,544 [INFO] PluginManager:220 - loadIPPluginJar : add freertos
2026-01-15 13:51:13,545 [INFO] IPUIPlugin:80 - create IPUIPlugin
2026-01-15 13:51:13,545 [INFO] PluginManager:220 - loadIPPluginJar : add genericplugin
2026-01-15 13:51:13,546 [INFO] IPUIPlugin:80 - create IPUIPlugin
2026-01-15 13:51:13,546 [INFO] PluginManager:220 - loadIPPluginJar : add gfxmmu
2026-01-15 13:51:13,549 [INFO] IPUIPlugin:80 - create IPUIPlugin
2026-01-15 13:51:13,550 [INFO] PluginManager:220 - loadIPPluginJar : add gic
2026-01-15 13:51:13,552 [INFO] IPUIPlugin:80 - create IPUIPlugin
2026-01-15 13:51:13,552 [INFO] PluginManager:220 - loadIPPluginJar : add gpio
2026-01-15 13:51:13,554 [INFO] IPUIPlugin:80 - create IPUIPlugin
2026-01-15 13:51:13,554 [INFO] PluginManager:220 - loadIPPluginJar : add gtzc
2026-01-15 13:51:13,556 [INFO] IPUIPlugin:80 - create IPUIPlugin
2026-01-15 13:51:13,556 [INFO] PluginManager:220 - loadIPPluginJar : add hash
2026-01-15 13:51:13,558 [INFO] IPUIPlugin:80 - create IPUIPlugin
2026-01-15 13:51:13,559 [INFO] PluginManager:220 - loadIPPluginJar : add i2c
2026-01-15 13:51:13,562 [INFO] IPUIPlugin:80 - create IPUIPlugin
2026-01-15 13:51:13,562 [INFO] PluginManager:220 - loadIPPluginJar : add i2s
2026-01-15 13:51:13,565 [INFO] IPUIPlugin:80 - create IPUIPlugin
2026-01-15 13:51:13,565 [INFO] PluginManager:220 - loadIPPluginJar : add i3c
2026-01-15 13:51:13,568 [INFO] IPUIPlugin:80 - create IPUIPlugin
2026-01-15 13:51:13,568 [INFO] PluginManager:220 - loadIPPluginJar : add ipddr
2026-01-15 13:51:13,573 [INFO] IPUIPlugin:80 - create IPUIPlugin
2026-01-15 13:51:13,573 [INFO] PluginManager:220 - loadIPPluginJar : add linkedlist
2026-01-15 13:51:13,576 [INFO] IPUIPlugin:80 - create IPUIPlugin
2026-01-15 13:51:13,576 [INFO] PluginManager:220 - loadIPPluginJar : add lorawan
2026-01-15 13:51:13,577 [INFO] IPUIPlugin:80 - create IPUIPlugin
2026-01-15 13:51:13,577 [INFO] PluginManager:220 - loadIPPluginJar : add ltdc
2026-01-15 13:51:13,582 [INFO] IPUIPlugin:80 - create IPUIPlugin
2026-01-15 13:51:13,582 [INFO] PluginManager:220 - loadIPPluginJar : add mdma
2026-01-15 13:51:13,584 [INFO] IPUIPlugin:80 - create IPUIPlugin
2026-01-15 13:51:13,585 [INFO] PluginManager:220 - loadIPPluginJar : add nvic
2026-01-15 13:51:13,587 [INFO] IPUIPlugin:80 - create IPUIPlugin
2026-01-15 13:51:13,587 [INFO] PluginManager:220 - loadIPPluginJar : add opamp
2026-01-15 13:51:13,589 [INFO] IPUIPlugin:80 - create IPUIPlugin
2026-01-15 13:51:13,590 [INFO] PluginManager:220 - loadIPPluginJar : add openamp
2026-01-15 13:51:13,592 [INFO] IPUIPlugin:80 - create IPUIPlugin
2026-01-15 13:51:13,592 [INFO] PluginManager:220 - loadIPPluginJar : add pdm2pcm
2026-01-15 13:51:13,596 [INFO] IPUIPlugin:80 - create IPUIPlugin
2026-01-15 13:51:13,599 [INFO] PluginManager:220 - loadIPPluginJar : add plateformsettings
2026-01-15 13:51:13,600 [INFO] IPUIPlugin:80 - create IPUIPlugin
2026-01-15 13:51:13,600 [INFO] PluginManager:220 - loadIPPluginJar : add quadspi
2026-01-15 13:51:13,601 [INFO] IPUIPlugin:80 - create IPUIPlugin
2026-01-15 13:51:13,602 [INFO] PluginManager:220 - loadIPPluginJar : add radio
2026-01-15 13:51:13,606 [INFO] IPUIPlugin:80 - create IPUIPlugin
2026-01-15 13:51:13,606 [INFO] PluginManager:220 - loadIPPluginJar : add resmgrutility
2026-01-15 13:51:13,609 [INFO] IPUIPlugin:80 - create IPUIPlugin
2026-01-15 13:51:13,609 [INFO] PluginManager:220 - loadIPPluginJar : add sai
2026-01-15 13:51:13,611 [INFO] IPUIPlugin:80 - create IPUIPlugin
2026-01-15 13:51:13,611 [INFO] PluginManager:220 - loadIPPluginJar : add spi
2026-01-15 13:51:13,617 [INFO] IPUIPlugin:80 - create IPUIPlugin
2026-01-15 13:51:13,617 [INFO] PluginManager:220 - loadIPPluginJar : add stm32_wpan
2026-01-15 13:51:13,618 [INFO] IPUIPlugin:80 - create IPUIPlugin
2026-01-15 13:51:13,618 [INFO] PluginManager:220 - loadIPPluginJar : add tim
2026-01-15 13:51:13,620 [INFO] IPUIPlugin:80 - create IPUIPlugin
2026-01-15 13:51:13,621 [INFO] PluginManager:220 - loadIPPluginJar : add touchsensing
2026-01-15 13:51:13,622 [INFO] IPUIPlugin:80 - create IPUIPlugin
2026-01-15 13:51:13,622 [INFO] PluginManager:220 - loadIPPluginJar : add tracer_emb
2026-01-15 13:51:13,623 [INFO] IPUIPlugin:80 - create IPUIPlugin
2026-01-15 13:51:13,623 [INFO] PluginManager:220 - loadIPPluginJar : add ts
2026-01-15 13:51:13,625 [INFO] IPUIPlugin:80 - create IPUIPlugin
2026-01-15 13:51:13,625 [INFO] PluginManager:220 - loadIPPluginJar : add tsc
2026-01-15 13:51:13,626 [INFO] IPUIPlugin:80 - create IPUIPlugin
2026-01-15 13:51:13,626 [INFO] PluginManager:220 - loadIPPluginJar : add ucpd
2026-01-15 13:51:13,628 [INFO] IPUIPlugin:80 - create IPUIPlugin
2026-01-15 13:51:13,628 [INFO] PluginManager:220 - loadIPPluginJar : add usart
2026-01-15 13:51:13,630 [INFO] IPUIPlugin:80 - create IPUIPlugin
2026-01-15 13:51:13,630 [INFO] PluginManager:220 - loadIPPluginJar : add usbx
2026-01-15 13:51:13,747 [FATAL] Updater:351 - Updater called before beeing initialized
2026-01-15 13:51:13,771 [INFO] RulesReader:64 - Compatibility file has been processed (317 Rules)
2026-01-15 13:51:13,782 [INFO] RulesReader:64 - Compatibility file has been processed (317 Rules)
2026-01-15 13:51:13,789 [INFO] CADModel:165 - CPN selected for project level
2026-01-15 13:51:13,790 [INFO] CADModel:114 - Register for checkConnection events
2026-01-15 13:51:13,790 [FATAL] Updater:351 - Updater called before beeing initialized
2026-01-15 13:51:13,790 [ERROR] CADModel:125 - Updater not yet initialized, retry later 
2026-01-15 13:51:13,890 [FATAL] Updater:351 - Updater called before beeing initialized
2026-01-15 13:51:13,892 [INFO] CADModel:165 - CPN selected for project level
2026-01-15 13:51:13,892 [INFO] CADModel:114 - Register for checkConnection events
2026-01-15 13:51:13,892 [FATAL] Updater:351 - Updater called before beeing initialized
2026-01-15 13:51:13,892 [ERROR] CADModel:125 - Updater not yet initialized, retry later 
2026-01-15 13:51:13,895 [FATAL] Updater:351 - Updater called before beeing initialized
2026-01-15 13:51:13,992 [FATAL] Updater:351 - Updater called before beeing initialized
2026-01-15 13:51:13,996 [INFO] DbMcusAds:53 - JSON generation date=Thu Jan 08 17:56:32 EET 2026 (1767887792457)
2026-01-15 13:51:13,996 [FATAL] Updater:351 - Updater called before beeing initialized
2026-01-15 13:51:14,025 [WARN] DetailPanel:346 - Failed to get advertising image, set to default
2026-01-15 13:51:14,100 [FATAL] Updater:351 - Updater called before beeing initialized
2026-01-15 13:51:14,101 [FATAL] Updater:351 - Updater called before beeing initialized
2026-01-15 13:51:14,102 [FATAL] Updater:351 - Updater called before beeing initialized
2026-01-15 13:51:14,102 [WARN] DetailPanel:346 - Failed to get advertising image, set to default
2026-01-15 13:51:14,102 [FATAL] Updater:351 - Updater called before beeing initialized
2026-01-15 13:51:14,139 [ERROR] Updater:1198 - MainUpdater not yet initialized. External WinMGr cannot be set.
2026-01-15 13:51:14,140 [INFO] Updater:1134 - Updater Version found : 6.15.0
2026-01-15 13:51:14,156 [INFO] ApplicationProperties:184 - Using Application install path: G:\STM32CubeIDE_1.19.0\STM32CubeIDE\plugins\com.st.stm32cube.common.mx_6.15.0.202507011659
2026-01-15 13:51:15,727 [ERROR] LogOutputStream:75 - [STDERR_REDIRECT] Jan 15, 2026 1:51:15 PM java.util.prefs.WindowsPreferences <init>
2026-01-15 13:51:15,729 [ERROR] LogOutputStream:75 - [STDERR_REDIRECT] WARNING: Could not open/create prefs root node Software\JavaSoft\Prefs at root 0xffffffff80000002. Windows RegCreateKeyEx(...) returned error code 5.
2026-01-15 13:51:15,729 [ERROR] LogOutputStream:75 - [STDERR_REDIRECT] 
2026-01-15 13:51:15,993 [INFO] MainUpdater:2872 - connection check result : 10
2026-01-15 13:51:15,994 [INFO] MainUpdater:289 - Updater Check For Update Now.
2026-01-15 13:51:15,994 [INFO] MicroXplorer:498 - Change Database Version : DB.6.0.150
2026-01-15 13:51:15,999 [INFO] McuFinderGlobals:63 - Set McuFinder mode to 2 (CubeIDE integrated)
2026-01-15 13:51:16,000 [INFO] UserAuth:171 - activating auth plugin
2026-01-15 13:51:16,002 [INFO] UserAuth:487 - Internet connection configuration mode: 1
2026-01-15 13:51:16,022 [INFO] JxBrowserEngine:152 - Initiate JxBrowser Engine with user profile folder
2026-01-15 13:51:16,088 [WARN] MainUpdater:1193 - Updater busy. Cannot search thirdparties
2026-01-15 13:51:16,088 [INFO] ThirdPartyUpdaterWithRetryManager:96 - Updater plugin is busy. [1/15]
2026-01-15 13:51:16,170 [INFO] CheckServerUpdateThread:120 - End of CheckServer Thread
2026-01-15 13:51:16,697 [INFO] WebApp:169 - Instantiating new browser for Auth
2026-01-15 13:51:17,349 [INFO] WebApp:463 - Apply proxy settings
2026-01-15 13:51:17,349 [INFO] WebApp:548 - Chromium requires no authentication
2026-01-15 13:51:17,355 [INFO] WebApp:491 - Direct internet connection detected
2026-01-15 13:51:17,372 [INFO] WebApp:900 - Register for checkConnection events
2026-01-15 13:51:17,372 [INFO] WebApp:463 - Apply proxy settings
2026-01-15 13:51:17,372 [INFO] WebApp:548 - Chromium requires no authentication
2026-01-15 13:51:17,373 [INFO] WebApp:491 - Direct internet connection detected
2026-01-15 13:51:17,508 [INFO] WebApp:225 - Starting web application
2026-01-15 13:51:17,509 [INFO] WebApp:593 - Web application path used G:\STM32CubeIDE_1.19.0\STM32CubeIDE\plugins\com.st.stm32cube.common.mx_6.15.0.202507011659\db\plugins\mcufinder\reactClient1\index.html
2026-01-15 13:51:17,720 [INFO] WebApp:191 - Connection restablished
2026-01-15 13:51:19,210 [WARN] PackLoader:240 - Cannot read IP mode file for STMicroelectronics.FP-SNS-MOTENVWB1.1.4.0
2026-01-15 13:51:19,224 [WARN] PackLoader:240 - Cannot read IP mode file for STMicroelectronics.FP-ATR-ASTRA1.2.0.2
2026-01-15 13:51:19,237 [WARN] PackLoader:240 - Cannot read IP mode file for STMicroelectronics.FP-SNS-SMARTAG2.1.2.0
2026-01-15 13:51:19,246 [WARN] PackLoader:240 - Cannot read IP mode file for STMicroelectronics.FP-SNS-FLIGHT1.5.1.0
2026-01-15 13:51:19,252 [WARN] PackLoader:240 - Cannot read IP mode file for STMicroelectronics.FP-ATR-SIGFOX1.3.2.0
2026-01-15 13:51:19,254 [INFO] ThirdParty:978 - Integrity check success = true
2026-01-15 13:51:19,254 [INFO] IntegrityCheckThread:100 - exiting critical section [integrity check]
2026-01-15 13:51:19,254 [INFO] IntegrityCheckThread:103 - End integrity checks thread
2026-01-15 13:51:21,082 [INFO] McuFinderGlobals:63 - Set McuFinder mode to 2 (CubeIDE integrated)
2026-01-15 13:51:21,084 [INFO] MainUpdater:2872 - connection check result : 10
2026-01-15 13:51:21,348 [INFO] ApiDb:581 - Connected to CubeFinder SQLite database (C:\Users\User\.stmcufinder\plugins\mcufinder\mcu\cube-finder-db.db)
2026-01-15 13:51:21,417 [INFO] ApiDb:668 - CubeFinder database Data Model version=2.1
2026-01-15 13:51:21,418 [INFO] ApiDb:669 - CubeFinder database Configuration version=3.0.39
2026-01-15 13:51:21,418 [INFO] ApiDb:670 - CubeFinder database generation date=2025-12-22 (1766407740)
2026-01-15 13:51:21,418 [INFO] ApiDb:671 - CubeFinder database FW Pack versions=[FP-ATR-ASTRA1_V2.0.0, FP-SNS-FLIGHT1_V5.1.0, FP-SNS-MOTENV1_V5.1.0, FP-SNS-MOTENVWB1_V1.4.0, FP-SNS-SMARTAG2_V1.2.0, FP-SNS-STBOX1_V2.1.0, STM32Cube_FW_C0_V1.4.0, STM32Cube_FW_F4_V1.28.3, STM32Cube_FW_F7_V1.17.4, STM32Cube_FW_G0_V1.6.2, STM32Cube_FW_G4_V1.6.1, STM32Cube_FW_H5_V1.5.1, STM32Cube_FW_H7RS_V1.3.0, STM32Cube_FW_H7_V1.12.1, STM32Cube_FW_L0_V1.12.2, STM32Cube_FW_L4_V1.18.1, STM32Cube_FW_L5_V1.6.0, STM32Cube_FW_N6_V1.3.0, STM32Cube_FW_U0_V1.3.0, STM32Cube_FW_U3_V1.2.1, STM32Cube_FW_U5_V1.8.0, STM32Cube_FW_WB0_V1.4.0, STM32Cube_FW_WBA_V1.8.0, STM32Cube_FW_WB_V1.24.0, STM32Cube_FW_WL3_V1.3.0, STM32Cube_FW_WL_V1.4.0, X-CUBE-ALGOBUILD_V1.4.0, X-CUBE-ALS_V1.0.2, X-CUBE-AZRTOS-F4_V1.1.0, X-CUBE-AZRTOS-F7_V1.1.0, X-CUBE-AZRTOS-G0_V1.1.0, X-CUBE-AZRTOS-G4_V2.0.0, X-CUBE-AZRTOS-H7RS_V1.1.0, X-CUBE-AZRTOS-H7_V3.4.0, X-CUBE-AZRTOS-L4_V2.0.0, X-CUBE-AZRTOS-L5_V2.0.0, X-CUBE-AZRTOS-WB_V2.0.0, X-CUBE-AZRTOS-WL_V2.0.0, X-CUBE-BLE1_V7.1.0, X-CUBE-BLE2_V3.3.0, X-CUBE-BLEMGR_V4.1.0, X-CUBE-EEPRMA1_V5.2.0, X-CUBE-FREERTOS_V1.3.1, X-CUBE-GNSS1_V6.0.0, X-CUBE-MEMS1_V12.0.0, X-CUBE-NFC4_V3.0.0, X-CUBE-NFC7_V2.0.0, X-CUBE-SFXS2LP1_V4.0.0, X-CUBE-ST67W61_V1.1.0, X-CUBE-SUBG2_V5.0.0, X-CUBE-TOF1_V3.4.3]
2026-01-15 13:51:23,699 [INFO] ApiDb:240 - Found 880 in-development CPN: [B-G473E-ZEST1S, B-WB1M-WPAN1, B-WBA5M-WPAN, B-WL5M-SUBG1, NUCLEO-C031C6, NUCLEO-C051C8, NUCLEO-C071RB, NUCLEO-C092RC, NUCLEO-H503RB, NUCLEO-H533RE, NUCLEO-H563ZI, NUCLEO-H7S3L8, NUCLEO-N657X0-Q, NUCLEO-U031R8, NUCLEO-U083RC, NUCLEO-U385RG-Q, NUCLEO-U545RE-Q, NUCLEO-U5A5ZJ-Q, NUCLEO-WB05KZ, NUCLEO-WB07CC, NUCLEO-WB09KE, NUCLEO-WBA52CG, NUCLEO-WBA55CG, NUCLEO-WL33CC1, NUCLEO-WL33CC2, STEVAL-PROTEUS1, STEVAL-SMARTAG2, STEVAL-STWINBX1, STM320518-EVAL, STM32C0116-DK, STM32C011D6Y3TR, STM32C011D6Y6TR, STM32C011F4P3, STM32C011F4P6, STM32C011F4U3, STM32C011F4U6TR, STM32C011F6P3, STM32C011F6P6, STM32C011F6U3, STM32C011F6U6TR, STM32C011J4M3, STM32C011J4M6, STM32C011J6M3, STM32C011J6M6, STM32C0316-DK, STM32C031C4T3, STM32C031C4T6, STM32C031C4U3, STM32C031C4U6, STM32C031C6T3, STM32C031C6T6, STM32C031C6U3, STM32C031C6U6, STM32C031F4P3, STM32C031F4P6, STM32C031F6P3, STM32C031F6P6, STM32C031G4U3, STM32C031G4U6, STM32C031G6U3, STM32C031G6U6, STM32C031K4T3, STM32C031K4T6, STM32C031K4U3, STM32C031K4U6, STM32C031K6T3, STM32C031K6T6, STM32C031K6U3, STM32C031K6U6, STM32C051C6T6, STM32C051C6U6, STM32C051C8T6, STM32C051C8U6, STM32C051D8Y6TR, STM32C051F6P6, STM32C051F8P6, STM32C051G6U6, STM32C051G8U6, STM32C051K6T6, STM32C051K6U6, STM32C051K8T6, STM32C071C8T6, STM32C071C8T6N, STM32C071C8U6, STM32C071C8U6N, STM32C071CBT6, STM32C071CBT6N, STM32C071CBU6, STM32C071CBU6N, STM32C071F8P6, STM32C071F8P6N, STM32C071FBP6, STM32C071FBP6N, STM32C071FBY6TR, STM32C071G8U6, STM32C071G8U6N, STM32C071GBU6, STM32C071GBU6N, STM32C071K8T6, STM32C071K8T6N, STM32C071K8U6, STM32C071K8U6N, STM32C071KBT6, STM32C071KBT6N, STM32C071KBU6, STM32C071KBU6N, STM32C071R8T6, STM32C071R8T6N, STM32C071RBI6N, STM32C071RBT6, STM32C071RBT6N, STM32C091CBT6, STM32C091CBU6, STM32C091CCT6, STM32C091CCU6, STM32C091ECY6TR, STM32C091FBP6, STM32C091FCP6, STM32C091GBU6, STM32C091GCU6, STM32C091KBT6, STM32C091KBU6, STM32C091KCT6, STM32C091KCU6, STM32C091RBT6, STM32C091RCI6, STM32C091RCT6, STM32C092CBT6, STM32C092CBU6, STM32C092CCT6, STM32C092CCU6, STM32C092ECY6TR, STM32C092FBP6, STM32C092FCP6, STM32C092GBU6, STM32C092GCU6, STM32C092KBT6, STM32C092KBU6, STM32C092KCT6, STM32C092KCU6, STM32C092RBT6, STM32C092RCI6, STM32C092RCT6, STM32G071K8TXN, STM32G071K8UXN, STM32G081GBU6N, STM32G081KBT6N, STM32G081KBUXN, STM32G0B1CCT6N, STM32G0B1KCT6, STM32G0B1NEY6TR, STM32G0B1RCT6N, STM32G0C1CCT6, STM32G0C1CCT6N, STM32G0C1CCU6N, STM32G0C1CET6N, STM32G0C1CEU6N, STM32G0C1KCT6, STM32G0C1NEY6TR, STM32G0C1RCI6N, STM32G0C1RCT6N, STM32G0C1REI6N, STM32G0C1RET6N, STM32G0C1VCI6, STM32G0C1VEI6, STM32G411C6T3, STM32G411C6T6, STM32G411C6U3, STM32G411C6U6, STM32G411C8T3, STM32G411C8T6, STM32G411C8U3, STM32G411C8U6, STM32G411CBT3, STM32G411CBT6, STM32G411CBU3, STM32G411CBU6, STM32G411K6T3, STM32G411K6T6, STM32G411K6U3, STM32G411K6U6, STM32G411K8T3, STM32G411K8T6, STM32G411K8U3, STM32G411K8U6, STM32G411KBT3, STM32G411KBT6, STM32G411KBU3, STM32G411KBU6, STM32G411M6T3, STM32G411M6T6, STM32G411M8T3, STM32G411M8T6, STM32G411MBT3, STM32G411MBT6, STM32G411R6T3, STM32G411R6T6, STM32G411R8T3, STM32G411R8T6, STM32G411RBT3, STM32G411RBT6, STM32G414CBT3, STM32G414CBT6, STM32G414CBU3, STM32G414CBU6, STM32G414CCT3, STM32G414CCT6, STM32G414CCU3, STM32G414CCU6, STM32G414MBT3, STM32G414MBT6, STM32G414MCT3, STM32G414MCT6, STM32G414RBT3, STM32G414RBT6, STM32G414RCT3, STM32G414RCT6, STM32G414VBT3, STM32G414VBT6, STM32G414VCT3, STM32G414VCT6, STM32G431CBT3Z, STM32G431RBT3Z, STM32G471CCT6, STM32G471CCU6, STM32G471CET3, STM32G471CET6, STM32G471CEU3, STM32G471CEU6, STM32G471MCT6, STM32G471MET3, STM32G471MET6, STM32G471MEY6TR, STM32G471QCT6, STM32G471QET3, STM32G471RCT6, STM32G471RET3, STM32G471RET6, STM32G471VCH6, STM32G471VCI6, STM32G471VCT6, STM32G471VEH3, STM32G471VEH6, STM32G471VEI3, STM32G471VEI6, STM32G471VET3, STM32G471VET6, STM32G473QET3Z, STM32G473RET3Z, STM32G474CCT6, STM32G491RET3Z, STM32H503CBT6, STM32H503CBU6, STM32H503EBY6TR, STM32H503KBU6, STM32H503RBT6, STM32H523CCT6, STM32H523CCU6, STM32H523CET6, STM32H523CEU6, STM32H523HEY6TR, STM32H523RCT6, STM32H523RET6, STM32H523VCI6, STM32H523VCT6, STM32H523VEI6, STM32H523VET6, STM32H523ZCJ6, STM32H523ZCT6, STM32H523ZEJ6, STM32H523ZET6, STM32H533CET6, STM32H533CEU6, STM32H533HEY6TR, STM32H533RET6, STM32H533VEI6, STM32H533VET6, STM32H533ZEJ6, STM32H533ZET6, STM32H562AGI6, STM32H562AII6, STM32H562IGK6, STM32H562IGT6, STM32H562IIK6, STM32H562IIT6, STM32H562RGT6, STM32H562RGV6, STM32H562RIT6, STM32H562RIV6, STM32H562VGT6, STM32H562VIT6, STM32H562ZGT6, STM32H562ZIT6, STM32H563AGI6, STM32H563AII3Q, STM32H563AII6, STM32H563IGK6, STM32H563IGT6, STM32H563IIK3Q, STM32H563IIK6, STM32H563IIT3Q, STM32H563IIT6, STM32H563MIY3QTR, STM32H563RGT6, STM32H563RGV6, STM32H563RIT6, STM32H563RIV6, STM32H563VGT6, STM32H563VIT3Q, STM32H563VIT6, STM32H563ZGT6, STM32H563ZIT3Q, STM32H563ZIT6, STM32H573AII3Q, STM32H573AII6, STM32H573I-DK, STM32H573IIK3Q, STM32H573IIK6, STM32H573IIT3Q, STM32H573IIT6, STM32H573MIY3QTR, STM32H573RIT6, STM32H573RIV6, STM32H573VIT3Q, STM32H573VIT6, STM32H573ZIT3Q, STM32H573ZIT6, STM32H7R3A8I6, STM32H7R3I8K6, STM32H7R3I8T6, STM32H7R3L8H6, STM32H7R3L8H6H, STM32H7R3R8V6, STM32H7R3V8H6, STM32H7R3V8T6, STM32H7R3V8Y6TR, STM32H7R3Z8J6, STM32H7R3Z8T6, STM32H7R7A8I6, STM32H7R7I8K6, STM32H7R7I8T6, STM32H7R7L8H6, STM32H7R7L8H6H, STM32H7R7Z8J6, STM32H7S3A8I6, STM32H7S3I8K6, STM32H7S3I8T6, STM32H7S3L8H6, STM32H7S3L8H6H, STM32H7S3R8V6, STM32H7S3V8H6, STM32H7S3V8T6, STM32H7S3V8Y6TR, STM32H7S3Z8J6, STM32H7S3Z8T6, STM32H7S78-DK, STM32H7S7A8I6, STM32H7S7I8K6, STM32H7S7I8T6, STM32H7S7L8H6, STM32H7S7L8H6H, STM32H7S7Z8J6, STM32L4R5QGI6STR, STM32MP131AAE3, STM32MP131AAF3, STM32MP131AAG3, STM32MP131CAE3, STM32MP131CAF3, STM32MP131CAG3, STM32MP131DAE7, STM32MP131DAF7, STM32MP131DAG7, STM32MP131FAE7, STM32MP131FAF7, STM32MP131FAG7, STM32MP133AAE3, STM32MP133AAF3, STM32MP133AAG3, STM32MP133CAE3, STM32MP133CAF3, STM32MP133CAG3, STM32MP133DAE7, STM32MP133DAF7, STM32MP133DAG7, STM32MP133FAE7, STM32MP133FAF7, STM32MP133FAG7, STM32MP135AAE3, STM32MP135AAF3, STM32MP135AAG3, STM32MP135CAE3, STM32MP135CAF3, STM32MP135CAG3, STM32MP135DAE7, STM32MP135DAF7, STM32MP135DAG7, STM32MP135F-DK, STM32MP135FAE7, STM32MP135FAF7, STM32MP135FAF7T, STM32MP135FAF7U, STM32MP135FAG7, STM32MP211AAL3, STM32MP211AAM3, STM32MP211AAN3, STM32MP211AAO3, STM32MP211CAL3, STM32MP211CAM3, STM32MP211CAN3, STM32MP211CAO3, STM32MP211DAL3, STM32MP211DAM3, STM32MP211DAN3, STM32MP211DAO3, STM32MP211FAL3, STM32MP211FAM3, STM32MP211FAN3, STM32MP211FAO3, STM32MP213AAL3, STM32MP213AAM3, STM32MP213AAN3, STM32MP213AAO3, STM32MP213CAL3, STM32MP213CAM3, STM32MP213CAN3, STM32MP213CAO3, STM32MP213DAL3, STM32MP213DAM3, STM32MP213DAN3, STM32MP213DAO3, STM32MP213FAL3, STM32MP213FAM3, STM32MP213FAN3, STM32MP213FAO3, STM32MP215AAL3, STM32MP215AAM3, STM32MP215AAN3, STM32MP215AAO3, STM32MP215CAL3, STM32MP215CAM3, STM32MP215CAN3, STM32MP215CAO3, STM32MP215DAL3, STM32MP215DAM3, STM32MP215DAN3, STM32MP215DAO3, STM32MP215F-DK, STM32MP215FAL3, STM32MP215FAM3, STM32MP215FAN3, STM32MP215FAO3, STM32MP231AAJ3, STM32MP231AAK3, STM32MP231AAL3, STM32MP231CAJ3, STM32MP231CAK3, STM32MP231CAL3, STM32MP231DAJ3, STM32MP231DAK3, STM32MP231DAL3, STM32MP231FAJ3, STM32MP231FAK3, STM32MP231FAL3, STM32MP233AAJ3, STM32MP233AAK3, STM32MP233AAL3, STM32MP233CAJ3, STM32MP233CAK3, STM32MP233CAL3, STM32MP233DAJ3, STM32MP233DAK3, STM32MP233DAL3, STM32MP233FAJ3, STM32MP233FAK3, STM32MP233FAL3, STM32MP235AAJ3, STM32MP235AAK3, STM32MP235AAL3, STM32MP235CAJ3, STM32MP235CAK3, STM32MP235CAL3, STM32MP235DAJ3, STM32MP235DAK3, STM32MP235DAL3, STM32MP235FAJ3, STM32MP235FAK3, STM32MP235FAL3, STM32MP251AAI3, STM32MP251AAK3, STM32MP251AAL3, STM32MP251CAI3, STM32MP251CAK3, STM32MP251CAL3, STM32MP251DAI3, STM32MP251DAK3, STM32MP251DAL3, STM32MP251FAI3, STM32MP251FAK3, STM32MP251FAL3, STM32MP253AAI3, STM32MP253AAK3, STM32MP253AAL3, STM32MP253CAI3, STM32MP253CAK3, STM32MP253CAL3, STM32MP253DAI3, STM32MP253DAK3, STM32MP253DAL3, STM32MP253FAI3, STM32MP253FAK3, STM32MP253FAL3, STM32MP255AAI3, STM32MP255AAK3, STM32MP255AAL3, STM32MP255CAI3, STM32MP255CAK3, STM32MP255CAL3, STM32MP255DAI3, STM32MP255DAK3, STM32MP255DAL3, STM32MP255FAI3, STM32MP255FAK3, STM32MP255FAL3, STM32MP257AAI3, STM32MP257AAK3, STM32MP257AAL3, STM32MP257CAI3, STM32MP257CAK3, STM32MP257CAL3, STM32MP257DAI3, STM32MP257DAK3, STM32MP257DAL3, STM32MP257F-DK, STM32MP257F-EV1, STM32MP257FAI3, STM32MP257FAK3, STM32MP257FAL3, STM32N645A0H3Q, STM32N645B0H3Q, STM32N645I0H3Q, STM32N645L0H3Q, STM32N645X0H3Q, STM32N645Z0H3Q, STM32N647A0H3Q, STM32N647B0H3Q, STM32N647I0H3Q, STM32N647L0H3Q, STM32N647X0H3Q, STM32N647Z0H3Q, STM32N655A0H3Q, STM32N655B0H3Q, STM32N655I0H3Q, STM32N655L0H3Q, STM32N655X0H3Q, STM32N655Z0H3Q, STM32N6570-DK, STM32N657A0H3Q, STM32N657B0H3Q, STM32N657I0H3Q, STM32N657L0H3Q, STM32N657X0H3Q, STM32N657Z0H3Q, STM32U031C6T6, STM32U031C6U6, STM32U031C8T6, STM32U031C8U6, STM32U031F4P6, STM32U031F6P6, STM32U031F8P6, STM32U031G6Y6TR, STM32U031G8Y6TR, STM32U031K4U6, STM32U031K6U6, STM32U031K8U6, STM32U031R6I6, STM32U031R6T6, STM32U031R8I6, STM32U031R8T6, STM32U073C8T6, STM32U073C8U6, STM32U073CBT6, STM32U073CBU6, STM32U073CCT6, STM32U073CCU6, STM32U073H8Y6TR, STM32U073HBY6TR, STM32U073HCY6TR, STM32U073K8U6, STM32U073KBU6, STM32U073KCU6, STM32U073M8I6, STM32U073M8T6, STM32U073MBI6, STM32U073MBT6, STM32U073MCI6, STM32U073MCT6, STM32U073R8I6, STM32U073R8T6, STM32U073RBI6, STM32U073RBT6, STM32U073RCI6, STM32U073RCT6, STM32U083C-DK, STM32U083CCT6, STM32U083CCU6, STM32U083HCY6TR, STM32U083KCU6, STM32U083MCI6, STM32U083MCT6, STM32U083RCI6, STM32U083RCT6, STM32U375CET6, STM32U375CET6Q, STM32U375CEU6, STM32U375CEU6Q, STM32U375CEY6QTR, STM32U375CGT6, STM32U375CGT6Q, STM32U375CGU6, STM32U375CGU6Q, STM32U375CGY6QTR, STM32U375KEU6, STM32U375KGU6, STM32U375REI6, STM32U375REI6Q, STM32U375RET6, STM32U375RET6Q, STM32U375REY6GTR, STM32U375REY6QTR, STM32U375RGI6, STM32U375RGI6Q, STM32U375RGT6, STM32U375RGT6Q, STM32U375RGY6GTR, STM32U375RGY6QTR, STM32U375VEI6, STM32U375VEI6Q, STM32U375VET6, STM32U375VET6Q, STM32U375VGI6, STM32U375VGI6Q, STM32U375VGT6, STM32U375VGT6Q, STM32U385CGT6, STM32U385CGT6Q, STM32U385CGU6, STM32U385CGU6Q, STM32U385CGY6QTR, STM32U385KGU6, STM32U385RGI6, STM32U385RGI6Q, STM32U385RGT6, STM32U385RGT6Q, STM32U385RGY6GTR, STM32U385RGY6QTR, STM32U385VGI6, STM32U385VGI6Q, STM32U385VGT6, STM32U385VGT6Q, STM32U535CBT6, STM32U535CBT6Q, STM32U535CBU6, STM32U535CBU6Q, STM32U535CCT6, STM32U535CCT6Q, STM32U535CCU6, STM32U535CCU6Q, STM32U535CET6, STM32U535CET6Q, STM32U535CEU6, STM32U535CEU6Q, STM32U535JEY6QTR, STM32U535NCY6QTR, STM32U535NEY6QTR, STM32U535RBI6, STM32U535RBI6Q, STM32U535RBT6, STM32U535RBT6Q, STM32U535RCI6, STM32U535RCI6Q, STM32U535RCT6, STM32U535RCT6Q, STM32U535REI6, STM32U535REI6Q, STM32U535RET6, STM32U535RET6Q, STM32U535VCI6, STM32U535VCI6Q, STM32U535VCT6, STM32U535VCT6Q, STM32U535VEI6, STM32U535VEI6Q, STM32U535VET6, STM32U535VET6Q, STM32U545CET6, STM32U545CET6Q, STM32U545CEU6, STM32U545CEU6Q, STM32U545JEY6QTR, STM32U545NEY6QTR, STM32U545REI6, STM32U545REI6Q, STM32U545RET6, STM32U545RET6Q, STM32U545VEI6, STM32U545VEI6Q, STM32U545VET6, STM32U545VET6Q, STM32U595AIH6, STM32U595AIH6Q, STM32U595AJH6, STM32U595AJH6Q, STM32U595QII6, STM32U595QII6Q, STM32U595QJI6, STM32U595QJI6Q, STM32U595RIT6, STM32U595RIT6Q, STM32U595RJT6, STM32U595RJT6Q, STM32U595VIT6, STM32U595VIT6Q, STM32U595VJT6, STM32U595VJT6Q, STM32U595ZIT6, STM32U595ZIT6Q, STM32U595ZIY6QTR, STM32U595ZJT6, STM32U595ZJT6Q, STM32U595ZJY6QTR, STM32U599BJY6QTR, STM32U599NIH6Q, STM32U599NJH6Q, STM32U599VIT6Q, STM32U599VJT6, STM32U599VJT6Q, STM32U599ZIT6Q, STM32U599ZIY6QTR, STM32U599ZJT6Q, STM32U599ZJY6QTR, STM32U5A5AJH6, STM32U5A5AJH6Q, STM32U5A5QII3Q , STM32U5A5QJI6, STM32U5A5QJI6Q, STM32U5A5RJT6, STM32U5A5RJT6Q, STM32U5A5VJT6, STM32U5A5VJT6Q, STM32U5A5ZJT6, STM32U5A5ZJT6Q, STM32U5A5ZJY6QTR, STM32U5A9BJY6QTR, STM32U5A9J-DK, STM32U5A9NJH6Q, STM32U5A9VJT6Q, STM32U5A9ZJT6Q, STM32U5A9ZJY6QTR, STM32U5F7VIT6, STM32U5F7VIT6Q, STM32U5F7VJT6, STM32U5F7VJT6Q, STM32U5F9BJY6QTR, STM32U5F9NJH6Q, STM32U5F9VIT6Q, STM32U5F9VJT6Q, STM32U5F9ZIJ6QTR, STM32U5F9ZIT6Q, STM32U5F9ZJJ6QTR, STM32U5F9ZJT6Q, STM32U5G7VJT6, STM32U5G7VJT6Q, STM32U5G9BJY6QTR, STM32U5G9J-DK1, STM32U5G9J-DK2, STM32U5G9NJH6Q, STM32U5G9VJT6Q, STM32U5G9ZJJ6QTR, STM32U5G9ZJT6Q, STM32WB05KZV6TR, STM32WB05KZV7TR, STM32WB05TZF6TR, STM32WB05TZF7TR, STM32WB06CCF6TR, STM32WB06CCF7TR, STM32WB06CCV6TR, STM32WB06CCV7TR, STM32WB06KCV6TR, STM32WB06KCV7TR, STM32WB07CCF6TR, STM32WB07CCF7TR, STM32WB07CCV6TR, STM32WB07CCV7TR, STM32WB07KCV6TR, STM32WB07KCV7TR, STM32WB09KEV6TR, STM32WB09KEV7TR, STM32WB09TEF6TR, STM32WB09TEF7TR, STM32WB1MMCH6, STM32WBA50KGU6, STM32WBA50KGU6TR, STM32WBA52CEU6, STM32WBA52CEU6TR, STM32WBA52CEU7, STM32WBA52CEU7TR, STM32WBA52CGU6, STM32WBA52CGU6TR, STM32WBA52CGU6U, STM32WBA52CGU7, STM32WBA52CGU7TR, STM32WBA52KEU6, STM32WBA52KEU6TR, STM32WBA52KGU6, STM32WBA52KGU6TR, STM32WBA54CEU6, STM32WBA54CEU6TR, STM32WBA54CEU7, STM32WBA54CEU7TR, STM32WBA54CGU6, STM32WBA54CGU6TR, STM32WBA54CGU7, STM32WBA54CGU7TR, STM32WBA54KEU6, STM32WBA54KEU6TR, STM32WBA54KEU7, STM32WBA54KEU7TR, STM32WBA54KGU6, STM32WBA54KGU6TR, STM32WBA54KGU7, STM32WBA54KGU7TR, STM32WBA55CEU6, STM32WBA55CEU6TR, STM32WBA55CEU7, STM32WBA55CEU7TR, STM32WBA55CGU6, STM32WBA55CGU6TR, STM32WBA55CGU6U, STM32WBA55CGU7, STM32WBA55CGU7TR, STM32WBA55G-DK1, STM32WBA55HEF6, STM32WBA55HEF7, STM32WBA55HGF6, STM32WBA55HGF7, STM32WBA55UEI6, STM32WBA55UEI6TR, STM32WBA55UEI7, STM32WBA55UEI7TR, STM32WBA55UGI6, STM32WBA55UGI6TR, STM32WBA55UGI7, STM32WBA55UGI7TR, STM32WBA5MMGH6TR, STM32WBA62MGF6, STM32WBA62MIF6, STM32WBA65MGF7, STM32WBA65MIF6, STM32WBA65MIF7, STM32WL30K8V6, STM32WL30KBV6, STM32WL31C8V6, STM32WL31CBV6, STM32WL31K8V6, STM32WL31KBV6, STM32WL33C8V6, STM32WL33C8V6X, STM32WL33CBV6, STM32WL33CBV6X, STM32WL33CCV6, STM32WL33CCV6A, STM32WL33CCV6X, STM32WL33K8V7, STM32WL33K8V7X, STM32WL33KBV7 , STM32WL33KBV7X, STM32WL33KCV7, STM32WL33KCV7X, STM32WL5MOCH6, STM32WL5MOCH6TR]
2026-01-15 13:51:23,705 [INFO] DbMcus:218 - Found 4876 MCUs, 4876 are supported
2026-01-15 13:51:23,705 [INFO] ApiDb:423 - Load user favorites file C:\Users\User/.stm32cubeide/favorites.mcus.txt: 0 item(s)
2026-01-15 13:51:23,706 [INFO] ApiDb:427 - User favorites MCUs=[]
2026-01-15 13:51:23,706 [INFO] DbMcus:224 - Set 0 / 0 favorites MCUs
2026-01-15 13:51:24,084 [INFO] ApiDb:668 - CubeFinder database Data Model version=2.1
2026-01-15 13:51:24,084 [INFO] ApiDb:669 - CubeFinder database Configuration version=3.0.39
2026-01-15 13:51:24,084 [INFO] ApiDb:670 - CubeFinder database generation date=2025-12-22 (1766407740)
2026-01-15 13:51:24,084 [INFO] ApiDb:671 - CubeFinder database FW Pack versions=[FP-ATR-ASTRA1_V2.0.0, FP-SNS-FLIGHT1_V5.1.0, FP-SNS-MOTENV1_V5.1.0, FP-SNS-MOTENVWB1_V1.4.0, FP-SNS-SMARTAG2_V1.2.0, FP-SNS-STBOX1_V2.1.0, STM32Cube_FW_C0_V1.4.0, STM32Cube_FW_F4_V1.28.3, STM32Cube_FW_F7_V1.17.4, STM32Cube_FW_G0_V1.6.2, STM32Cube_FW_G4_V1.6.1, STM32Cube_FW_H5_V1.5.1, STM32Cube_FW_H7RS_V1.3.0, STM32Cube_FW_H7_V1.12.1, STM32Cube_FW_L0_V1.12.2, STM32Cube_FW_L4_V1.18.1, STM32Cube_FW_L5_V1.6.0, STM32Cube_FW_N6_V1.3.0, STM32Cube_FW_U0_V1.3.0, STM32Cube_FW_U3_V1.2.1, STM32Cube_FW_U5_V1.8.0, STM32Cube_FW_WB0_V1.4.0, STM32Cube_FW_WBA_V1.8.0, STM32Cube_FW_WB_V1.24.0, STM32Cube_FW_WL3_V1.3.0, STM32Cube_FW_WL_V1.4.0, X-CUBE-ALGOBUILD_V1.4.0, X-CUBE-ALS_V1.0.2, X-CUBE-AZRTOS-F4_V1.1.0, X-CUBE-AZRTOS-F7_V1.1.0, X-CUBE-AZRTOS-G0_V1.1.0, X-CUBE-AZRTOS-G4_V2.0.0, X-CUBE-AZRTOS-H7RS_V1.1.0, X-CUBE-AZRTOS-H7_V3.4.0, X-CUBE-AZRTOS-L4_V2.0.0, X-CUBE-AZRTOS-L5_V2.0.0, X-CUBE-AZRTOS-WB_V2.0.0, X-CUBE-AZRTOS-WL_V2.0.0, X-CUBE-BLE1_V7.1.0, X-CUBE-BLE2_V3.3.0, X-CUBE-BLEMGR_V4.1.0, X-CUBE-EEPRMA1_V5.2.0, X-CUBE-FREERTOS_V1.3.1, X-CUBE-GNSS1_V6.0.0, X-CUBE-MEMS1_V12.0.0, X-CUBE-NFC4_V3.0.0, X-CUBE-NFC7_V2.0.0, X-CUBE-SFXS2LP1_V4.0.0, X-CUBE-ST67W61_V1.1.0, X-CUBE-SUBG2_V5.0.0, X-CUBE-TOF1_V3.4.3]
2026-01-15 13:51:24,132 [INFO] DbBoardsSqlite:226 - include board P-NUCLEO-WB55-NUCLEO as a kit item of type 'Nucleo-64'
2026-01-15 13:51:24,132 [INFO] DbBoardsSqlite:226 - include board P-NUCLEO-WB55-USBDONGLE as a kit item of type 'Nucleo USB Dongle'
2026-01-15 13:51:24,132 [INFO] DbBoardsSqlite:226 - include board STEVAL-IDP005V1 as a kit item of type 'Evaluation Board'
2026-01-15 13:51:24,133 [INFO] DbBoardsSqlite:226 - include board STEVAL-IDP005V2 as a kit item of type 'Evaluation Board'
2026-01-15 13:51:24,195 [INFO] ApiDb:240 - Found 880 in-development CPN: [B-G473E-ZEST1S, B-WB1M-WPAN1, B-WBA5M-WPAN, B-WL5M-SUBG1, NUCLEO-C031C6, NUCLEO-C051C8, NUCLEO-C071RB, NUCLEO-C092RC, NUCLEO-H503RB, NUCLEO-H533RE, NUCLEO-H563ZI, NUCLEO-H7S3L8, NUCLEO-N657X0-Q, NUCLEO-U031R8, NUCLEO-U083RC, NUCLEO-U385RG-Q, NUCLEO-U545RE-Q, NUCLEO-U5A5ZJ-Q, NUCLEO-WB05KZ, NUCLEO-WB07CC, NUCLEO-WB09KE, NUCLEO-WBA52CG, NUCLEO-WBA55CG, NUCLEO-WL33CC1, NUCLEO-WL33CC2, STEVAL-PROTEUS1, STEVAL-SMARTAG2, STEVAL-STWINBX1, STM320518-EVAL, STM32C0116-DK, STM32C011D6Y3TR, STM32C011D6Y6TR, STM32C011F4P3, STM32C011F4P6, STM32C011F4U3, STM32C011F4U6TR, STM32C011F6P3, STM32C011F6P6, STM32C011F6U3, STM32C011F6U6TR, STM32C011J4M3, STM32C011J4M6, STM32C011J6M3, STM32C011J6M6, STM32C0316-DK, STM32C031C4T3, STM32C031C4T6, STM32C031C4U3, STM32C031C4U6, STM32C031C6T3, STM32C031C6T6, STM32C031C6U3, STM32C031C6U6, STM32C031F4P3, STM32C031F4P6, STM32C031F6P3, STM32C031F6P6, STM32C031G4U3, STM32C031G4U6, STM32C031G6U3, STM32C031G6U6, STM32C031K4T3, STM32C031K4T6, STM32C031K4U3, STM32C031K4U6, STM32C031K6T3, STM32C031K6T6, STM32C031K6U3, STM32C031K6U6, STM32C051C6T6, STM32C051C6U6, STM32C051C8T6, STM32C051C8U6, STM32C051D8Y6TR, STM32C051F6P6, STM32C051F8P6, STM32C051G6U6, STM32C051G8U6, STM32C051K6T6, STM32C051K6U6, STM32C051K8T6, STM32C071C8T6, STM32C071C8T6N, STM32C071C8U6, STM32C071C8U6N, STM32C071CBT6, STM32C071CBT6N, STM32C071CBU6, STM32C071CBU6N, STM32C071F8P6, STM32C071F8P6N, STM32C071FBP6, STM32C071FBP6N, STM32C071FBY6TR, STM32C071G8U6, STM32C071G8U6N, STM32C071GBU6, STM32C071GBU6N, STM32C071K8T6, STM32C071K8T6N, STM32C071K8U6, STM32C071K8U6N, STM32C071KBT6, STM32C071KBT6N, STM32C071KBU6, STM32C071KBU6N, STM32C071R8T6, STM32C071R8T6N, STM32C071RBI6N, STM32C071RBT6, STM32C071RBT6N, STM32C091CBT6, STM32C091CBU6, STM32C091CCT6, STM32C091CCU6, STM32C091ECY6TR, STM32C091FBP6, STM32C091FCP6, STM32C091GBU6, STM32C091GCU6, STM32C091KBT6, STM32C091KBU6, STM32C091KCT6, STM32C091KCU6, STM32C091RBT6, STM32C091RCI6, STM32C091RCT6, STM32C092CBT6, STM32C092CBU6, STM32C092CCT6, STM32C092CCU6, STM32C092ECY6TR, STM32C092FBP6, STM32C092FCP6, STM32C092GBU6, STM32C092GCU6, STM32C092KBT6, STM32C092KBU6, STM32C092KCT6, STM32C092KCU6, STM32C092RBT6, STM32C092RCI6, STM32C092RCT6, STM32G071K8TXN, STM32G071K8UXN, STM32G081GBU6N, STM32G081KBT6N, STM32G081KBUXN, STM32G0B1CCT6N, STM32G0B1KCT6, STM32G0B1NEY6TR, STM32G0B1RCT6N, STM32G0C1CCT6, STM32G0C1CCT6N, STM32G0C1CCU6N, STM32G0C1CET6N, STM32G0C1CEU6N, STM32G0C1KCT6, STM32G0C1NEY6TR, STM32G0C1RCI6N, STM32G0C1RCT6N, STM32G0C1REI6N, STM32G0C1RET6N, STM32G0C1VCI6, STM32G0C1VEI6, STM32G411C6T3, STM32G411C6T6, STM32G411C6U3, STM32G411C6U6, STM32G411C8T3, STM32G411C8T6, STM32G411C8U3, STM32G411C8U6, STM32G411CBT3, STM32G411CBT6, STM32G411CBU3, STM32G411CBU6, STM32G411K6T3, STM32G411K6T6, STM32G411K6U3, STM32G411K6U6, STM32G411K8T3, STM32G411K8T6, STM32G411K8U3, STM32G411K8U6, STM32G411KBT3, STM32G411KBT6, STM32G411KBU3, STM32G411KBU6, STM32G411M6T3, STM32G411M6T6, STM32G411M8T3, STM32G411M8T6, STM32G411MBT3, STM32G411MBT6, STM32G411R6T3, STM32G411R6T6, STM32G411R8T3, STM32G411R8T6, STM32G411RBT3, STM32G411RBT6, STM32G414CBT3, STM32G414CBT6, STM32G414CBU3, STM32G414CBU6, STM32G414CCT3, STM32G414CCT6, STM32G414CCU3, STM32G414CCU6, STM32G414MBT3, STM32G414MBT6, STM32G414MCT3, STM32G414MCT6, STM32G414RBT3, STM32G414RBT6, STM32G414RCT3, STM32G414RCT6, STM32G414VBT3, STM32G414VBT6, STM32G414VCT3, STM32G414VCT6, STM32G431CBT3Z, STM32G431RBT3Z, STM32G471CCT6, STM32G471CCU6, STM32G471CET3, STM32G471CET6, STM32G471CEU3, STM32G471CEU6, STM32G471MCT6, STM32G471MET3, STM32G471MET6, STM32G471MEY6TR, STM32G471QCT6, STM32G471QET3, STM32G471RCT6, STM32G471RET3, STM32G471RET6, STM32G471VCH6, STM32G471VCI6, STM32G471VCT6, STM32G471VEH3, STM32G471VEH6, STM32G471VEI3, STM32G471VEI6, STM32G471VET3, STM32G471VET6, STM32G473QET3Z, STM32G473RET3Z, STM32G474CCT6, STM32G491RET3Z, STM32H503CBT6, STM32H503CBU6, STM32H503EBY6TR, STM32H503KBU6, STM32H503RBT6, STM32H523CCT6, STM32H523CCU6, STM32H523CET6, STM32H523CEU6, STM32H523HEY6TR, STM32H523RCT6, STM32H523RET6, STM32H523VCI6, STM32H523VCT6, STM32H523VEI6, STM32H523VET6, STM32H523ZCJ6, STM32H523ZCT6, STM32H523ZEJ6, STM32H523ZET6, STM32H533CET6, STM32H533CEU6, STM32H533HEY6TR, STM32H533RET6, STM32H533VEI6, STM32H533VET6, STM32H533ZEJ6, STM32H533ZET6, STM32H562AGI6, STM32H562AII6, STM32H562IGK6, STM32H562IGT6, STM32H562IIK6, STM32H562IIT6, STM32H562RGT6, STM32H562RGV6, STM32H562RIT6, STM32H562RIV6, STM32H562VGT6, STM32H562VIT6, STM32H562ZGT6, STM32H562ZIT6, STM32H563AGI6, STM32H563AII3Q, STM32H563AII6, STM32H563IGK6, STM32H563IGT6, STM32H563IIK3Q, STM32H563IIK6, STM32H563IIT3Q, STM32H563IIT6, STM32H563MIY3QTR, STM32H563RGT6, STM32H563RGV6, STM32H563RIT6, STM32H563RIV6, STM32H563VGT6, STM32H563VIT3Q, STM32H563VIT6, STM32H563ZGT6, STM32H563ZIT3Q, STM32H563ZIT6, STM32H573AII3Q, STM32H573AII6, STM32H573I-DK, STM32H573IIK3Q, STM32H573IIK6, STM32H573IIT3Q, STM32H573IIT6, STM32H573MIY3QTR, STM32H573RIT6, STM32H573RIV6, STM32H573VIT3Q, STM32H573VIT6, STM32H573ZIT3Q, STM32H573ZIT6, STM32H7R3A8I6, STM32H7R3I8K6, STM32H7R3I8T6, STM32H7R3L8H6, STM32H7R3L8H6H, STM32H7R3R8V6, STM32H7R3V8H6, STM32H7R3V8T6, STM32H7R3V8Y6TR, STM32H7R3Z8J6, STM32H7R3Z8T6, STM32H7R7A8I6, STM32H7R7I8K6, STM32H7R7I8T6, STM32H7R7L8H6, STM32H7R7L8H6H, STM32H7R7Z8J6, STM32H7S3A8I6, STM32H7S3I8K6, STM32H7S3I8T6, STM32H7S3L8H6, STM32H7S3L8H6H, STM32H7S3R8V6, STM32H7S3V8H6, STM32H7S3V8T6, STM32H7S3V8Y6TR, STM32H7S3Z8J6, STM32H7S3Z8T6, STM32H7S78-DK, STM32H7S7A8I6, STM32H7S7I8K6, STM32H7S7I8T6, STM32H7S7L8H6, STM32H7S7L8H6H, STM32H7S7Z8J6, STM32L4R5QGI6STR, STM32MP131AAE3, STM32MP131AAF3, STM32MP131AAG3, STM32MP131CAE3, STM32MP131CAF3, STM32MP131CAG3, STM32MP131DAE7, STM32MP131DAF7, STM32MP131DAG7, STM32MP131FAE7, STM32MP131FAF7, STM32MP131FAG7, STM32MP133AAE3, STM32MP133AAF3, STM32MP133AAG3, STM32MP133CAE3, STM32MP133CAF3, STM32MP133CAG3, STM32MP133DAE7, STM32MP133DAF7, STM32MP133DAG7, STM32MP133FAE7, STM32MP133FAF7, STM32MP133FAG7, STM32MP135AAE3, STM32MP135AAF3, STM32MP135AAG3, STM32MP135CAE3, STM32MP135CAF3, STM32MP135CAG3, STM32MP135DAE7, STM32MP135DAF7, STM32MP135DAG7, STM32MP135F-DK, STM32MP135FAE7, STM32MP135FAF7, STM32MP135FAF7T, STM32MP135FAF7U, STM32MP135FAG7, STM32MP211AAL3, STM32MP211AAM3, STM32MP211AAN3, STM32MP211AAO3, STM32MP211CAL3, STM32MP211CAM3, STM32MP211CAN3, STM32MP211CAO3, STM32MP211DAL3, STM32MP211DAM3, STM32MP211DAN3, STM32MP211DAO3, STM32MP211FAL3, STM32MP211FAM3, STM32MP211FAN3, STM32MP211FAO3, STM32MP213AAL3, STM32MP213AAM3, STM32MP213AAN3, STM32MP213AAO3, STM32MP213CAL3, STM32MP213CAM3, STM32MP213CAN3, STM32MP213CAO3, STM32MP213DAL3, STM32MP213DAM3, STM32MP213DAN3, STM32MP213DAO3, STM32MP213FAL3, STM32MP213FAM3, STM32MP213FAN3, STM32MP213FAO3, STM32MP215AAL3, STM32MP215AAM3, STM32MP215AAN3, STM32MP215AAO3, STM32MP215CAL3, STM32MP215CAM3, STM32MP215CAN3, STM32MP215CAO3, STM32MP215DAL3, STM32MP215DAM3, STM32MP215DAN3, STM32MP215DAO3, STM32MP215F-DK, STM32MP215FAL3, STM32MP215FAM3, STM32MP215FAN3, STM32MP215FAO3, STM32MP231AAJ3, STM32MP231AAK3, STM32MP231AAL3, STM32MP231CAJ3, STM32MP231CAK3, STM32MP231CAL3, STM32MP231DAJ3, STM32MP231DAK3, STM32MP231DAL3, STM32MP231FAJ3, STM32MP231FAK3, STM32MP231FAL3, STM32MP233AAJ3, STM32MP233AAK3, STM32MP233AAL3, STM32MP233CAJ3, STM32MP233CAK3, STM32MP233CAL3, STM32MP233DAJ3, STM32MP233DAK3, STM32MP233DAL3, STM32MP233FAJ3, STM32MP233FAK3, STM32MP233FAL3, STM32MP235AAJ3, STM32MP235AAK3, STM32MP235AAL3, STM32MP235CAJ3, STM32MP235CAK3, STM32MP235CAL3, STM32MP235DAJ3, STM32MP235DAK3, STM32MP235DAL3, STM32MP235FAJ3, STM32MP235FAK3, STM32MP235FAL3, STM32MP251AAI3, STM32MP251AAK3, STM32MP251AAL3, STM32MP251CAI3, STM32MP251CAK3, STM32MP251CAL3, STM32MP251DAI3, STM32MP251DAK3, STM32MP251DAL3, STM32MP251FAI3, STM32MP251FAK3, STM32MP251FAL3, STM32MP253AAI3, STM32MP253AAK3, STM32MP253AAL3, STM32MP253CAI3, STM32MP253CAK3, STM32MP253CAL3, STM32MP253DAI3, STM32MP253DAK3, STM32MP253DAL3, STM32MP253FAI3, STM32MP253FAK3, STM32MP253FAL3, STM32MP255AAI3, STM32MP255AAK3, STM32MP255AAL3, STM32MP255CAI3, STM32MP255CAK3, STM32MP255CAL3, STM32MP255DAI3, STM32MP255DAK3, STM32MP255DAL3, STM32MP255FAI3, STM32MP255FAK3, STM32MP255FAL3, STM32MP257AAI3, STM32MP257AAK3, STM32MP257AAL3, STM32MP257CAI3, STM32MP257CAK3, STM32MP257CAL3, STM32MP257DAI3, STM32MP257DAK3, STM32MP257DAL3, STM32MP257F-DK, STM32MP257F-EV1, STM32MP257FAI3, STM32MP257FAK3, STM32MP257FAL3, STM32N645A0H3Q, STM32N645B0H3Q, STM32N645I0H3Q, STM32N645L0H3Q, STM32N645X0H3Q, STM32N645Z0H3Q, STM32N647A0H3Q, STM32N647B0H3Q, STM32N647I0H3Q, STM32N647L0H3Q, STM32N647X0H3Q, STM32N647Z0H3Q, STM32N655A0H3Q, STM32N655B0H3Q, STM32N655I0H3Q, STM32N655L0H3Q, STM32N655X0H3Q, STM32N655Z0H3Q, STM32N6570-DK, STM32N657A0H3Q, STM32N657B0H3Q, STM32N657I0H3Q, STM32N657L0H3Q, STM32N657X0H3Q, STM32N657Z0H3Q, STM32U031C6T6, STM32U031C6U6, STM32U031C8T6, STM32U031C8U6, STM32U031F4P6, STM32U031F6P6, STM32U031F8P6, STM32U031G6Y6TR, STM32U031G8Y6TR, STM32U031K4U6, STM32U031K6U6, STM32U031K8U6, STM32U031R6I6, STM32U031R6T6, STM32U031R8I6, STM32U031R8T6, STM32U073C8T6, STM32U073C8U6, STM32U073CBT6, STM32U073CBU6, STM32U073CCT6, STM32U073CCU6, STM32U073H8Y6TR, STM32U073HBY6TR, STM32U073HCY6TR, STM32U073K8U6, STM32U073KBU6, STM32U073KCU6, STM32U073M8I6, STM32U073M8T6, STM32U073MBI6, STM32U073MBT6, STM32U073MCI6, STM32U073MCT6, STM32U073R8I6, STM32U073R8T6, STM32U073RBI6, STM32U073RBT6, STM32U073RCI6, STM32U073RCT6, STM32U083C-DK, STM32U083CCT6, STM32U083CCU6, STM32U083HCY6TR, STM32U083KCU6, STM32U083MCI6, STM32U083MCT6, STM32U083RCI6, STM32U083RCT6, STM32U375CET6, STM32U375CET6Q, STM32U375CEU6, STM32U375CEU6Q, STM32U375CEY6QTR, STM32U375CGT6, STM32U375CGT6Q, STM32U375CGU6, STM32U375CGU6Q, STM32U375CGY6QTR, STM32U375KEU6, STM32U375KGU6, STM32U375REI6, STM32U375REI6Q, STM32U375RET6, STM32U375RET6Q, STM32U375REY6GTR, STM32U375REY6QTR, STM32U375RGI6, STM32U375RGI6Q, STM32U375RGT6, STM32U375RGT6Q, STM32U375RGY6GTR, STM32U375RGY6QTR, STM32U375VEI6, STM32U375VEI6Q, STM32U375VET6, STM32U375VET6Q, STM32U375VGI6, STM32U375VGI6Q, STM32U375VGT6, STM32U375VGT6Q, STM32U385CGT6, STM32U385CGT6Q, STM32U385CGU6, STM32U385CGU6Q, STM32U385CGY6QTR, STM32U385KGU6, STM32U385RGI6, STM32U385RGI6Q, STM32U385RGT6, STM32U385RGT6Q, STM32U385RGY6GTR, STM32U385RGY6QTR, STM32U385VGI6, STM32U385VGI6Q, STM32U385VGT6, STM32U385VGT6Q, STM32U535CBT6, STM32U535CBT6Q, STM32U535CBU6, STM32U535CBU6Q, STM32U535CCT6, STM32U535CCT6Q, STM32U535CCU6, STM32U535CCU6Q, STM32U535CET6, STM32U535CET6Q, STM32U535CEU6, STM32U535CEU6Q, STM32U535JEY6QTR, STM32U535NCY6QTR, STM32U535NEY6QTR, STM32U535RBI6, STM32U535RBI6Q, STM32U535RBT6, STM32U535RBT6Q, STM32U535RCI6, STM32U535RCI6Q, STM32U535RCT6, STM32U535RCT6Q, STM32U535REI6, STM32U535REI6Q, STM32U535RET6, STM32U535RET6Q, STM32U535VCI6, STM32U535VCI6Q, STM32U535VCT6, STM32U535VCT6Q, STM32U535VEI6, STM32U535VEI6Q, STM32U535VET6, STM32U535VET6Q, STM32U545CET6, STM32U545CET6Q, STM32U545CEU6, STM32U545CEU6Q, STM32U545JEY6QTR, STM32U545NEY6QTR, STM32U545REI6, STM32U545REI6Q, STM32U545RET6, STM32U545RET6Q, STM32U545VEI6, STM32U545VEI6Q, STM32U545VET6, STM32U545VET6Q, STM32U595AIH6, STM32U595AIH6Q, STM32U595AJH6, STM32U595AJH6Q, STM32U595QII6, STM32U595QII6Q, STM32U595QJI6, STM32U595QJI6Q, STM32U595RIT6, STM32U595RIT6Q, STM32U595RJT6, STM32U595RJT6Q, STM32U595VIT6, STM32U595VIT6Q, STM32U595VJT6, STM32U595VJT6Q, STM32U595ZIT6, STM32U595ZIT6Q, STM32U595ZIY6QTR, STM32U595ZJT6, STM32U595ZJT6Q, STM32U595ZJY6QTR, STM32U599BJY6QTR, STM32U599NIH6Q, STM32U599NJH6Q, STM32U599VIT6Q, STM32U599VJT6, STM32U599VJT6Q, STM32U599ZIT6Q, STM32U599ZIY6QTR, STM32U599ZJT6Q, STM32U599ZJY6QTR, STM32U5A5AJH6, STM32U5A5AJH6Q, STM32U5A5QII3Q , STM32U5A5QJI6, STM32U5A5QJI6Q, STM32U5A5RJT6, STM32U5A5RJT6Q, STM32U5A5VJT6, STM32U5A5VJT6Q, STM32U5A5ZJT6, STM32U5A5ZJT6Q, STM32U5A5ZJY6QTR, STM32U5A9BJY6QTR, STM32U5A9J-DK, STM32U5A9NJH6Q, STM32U5A9VJT6Q, STM32U5A9ZJT6Q, STM32U5A9ZJY6QTR, STM32U5F7VIT6, STM32U5F7VIT6Q, STM32U5F7VJT6, STM32U5F7VJT6Q, STM32U5F9BJY6QTR, STM32U5F9NJH6Q, STM32U5F9VIT6Q, STM32U5F9VJT6Q, STM32U5F9ZIJ6QTR, STM32U5F9ZIT6Q, STM32U5F9ZJJ6QTR, STM32U5F9ZJT6Q, STM32U5G7VJT6, STM32U5G7VJT6Q, STM32U5G9BJY6QTR, STM32U5G9J-DK1, STM32U5G9J-DK2, STM32U5G9NJH6Q, STM32U5G9VJT6Q, STM32U5G9ZJJ6QTR, STM32U5G9ZJT6Q, STM32WB05KZV6TR, STM32WB05KZV7TR, STM32WB05TZF6TR, STM32WB05TZF7TR, STM32WB06CCF6TR, STM32WB06CCF7TR, STM32WB06CCV6TR, STM32WB06CCV7TR, STM32WB06KCV6TR, STM32WB06KCV7TR, STM32WB07CCF6TR, STM32WB07CCF7TR, STM32WB07CCV6TR, STM32WB07CCV7TR, STM32WB07KCV6TR, STM32WB07KCV7TR, STM32WB09KEV6TR, STM32WB09KEV7TR, STM32WB09TEF6TR, STM32WB09TEF7TR, STM32WB1MMCH6, STM32WBA50KGU6, STM32WBA50KGU6TR, STM32WBA52CEU6, STM32WBA52CEU6TR, STM32WBA52CEU7, STM32WBA52CEU7TR, STM32WBA52CGU6, STM32WBA52CGU6TR, STM32WBA52CGU6U, STM32WBA52CGU7, STM32WBA52CGU7TR, STM32WBA52KEU6, STM32WBA52KEU6TR, STM32WBA52KGU6, STM32WBA52KGU6TR, STM32WBA54CEU6, STM32WBA54CEU6TR, STM32WBA54CEU7, STM32WBA54CEU7TR, STM32WBA54CGU6, STM32WBA54CGU6TR, STM32WBA54CGU7, STM32WBA54CGU7TR, STM32WBA54KEU6, STM32WBA54KEU6TR, STM32WBA54KEU7, STM32WBA54KEU7TR, STM32WBA54KGU6, STM32WBA54KGU6TR, STM32WBA54KGU7, STM32WBA54KGU7TR, STM32WBA55CEU6, STM32WBA55CEU6TR, STM32WBA55CEU7, STM32WBA55CEU7TR, STM32WBA55CGU6, STM32WBA55CGU6TR, STM32WBA55CGU6U, STM32WBA55CGU7, STM32WBA55CGU7TR, STM32WBA55G-DK1, STM32WBA55HEF6, STM32WBA55HEF7, STM32WBA55HGF6, STM32WBA55HGF7, STM32WBA55UEI6, STM32WBA55UEI6TR, STM32WBA55UEI7, STM32WBA55UEI7TR, STM32WBA55UGI6, STM32WBA55UGI6TR, STM32WBA55UGI7, STM32WBA55UGI7TR, STM32WBA5MMGH6TR, STM32WBA62MGF6, STM32WBA62MIF6, STM32WBA65MGF7, STM32WBA65MIF6, STM32WBA65MIF7, STM32WL30K8V6, STM32WL30KBV6, STM32WL31C8V6, STM32WL31CBV6, STM32WL31K8V6, STM32WL31KBV6, STM32WL33C8V6, STM32WL33C8V6X, STM32WL33CBV6, STM32WL33CBV6X, STM32WL33CCV6, STM32WL33CCV6A, STM32WL33CCV6X, STM32WL33K8V7, STM32WL33K8V7X, STM32WL33KBV7 , STM32WL33KBV7X, STM32WL33KCV7, STM32WL33KCV7X, STM32WL5MOCH6, STM32WL5MOCH6TR]
2026-01-15 13:51:24,334 [INFO] BoardInfo:889 - No configuration file found for board P-NUCLEO-WB55
2026-01-15 13:51:24,335 [INFO] DbBoards:161 - Kit is not supported: P-NUCLEO-WB55
2026-01-15 13:51:24,340 [INFO] BoardInfo:889 - No configuration file found for board STEVAL-BFA001V1B
2026-01-15 13:51:24,341 [INFO] DbBoards:161 - Kit is not supported: STEVAL-BFA001V1B
2026-01-15 13:51:24,342 [INFO] BoardInfo:889 - No configuration file found for board STEVAL-BFA001V2B
2026-01-15 13:51:24,343 [INFO] DbBoards:161 - Kit is not supported: STEVAL-BFA001V2B
2026-01-15 13:51:24,453 [INFO] DbBoards:168 - Found 212 boards, 209 are supported
2026-01-15 13:51:24,454 [INFO] DbBoards:169 - Found 212 boards, 43 of them is supported for  Bsp
2026-01-15 13:51:24,456 [INFO] ApiDb:423 - Load user favorites file C:\Users\User/.stm32cubeide/favorites.boards.txt: 0 item(s)
2026-01-15 13:51:24,456 [INFO] ApiDb:427 - User favorites Boards=[]
2026-01-15 13:51:24,456 [INFO] DbBoards:198 - Set 0 / 0 favorites Boards
2026-01-15 13:51:24,457 [INFO] McuFinderGlobals:76 - Set McuFinderConnectedMode to true
2026-01-15 13:51:24,462 [INFO] MultiScanPanel:200 - Auto-refresh data requested => check proxy status ongoing
2026-01-15 13:51:24,464 [INFO] FinderPluginLoader:96 - Searching for filters in installed packs
2026-01-15 13:51:25,729 [INFO] LoadUrlFilesThread:185 - End of LoadServerUrlFiles without Thread
2026-01-15 13:51:25,782 [INFO] DetailPanel:341 - Set advertising image to C:/Users/User/STM32Cube/Repository/\en.prom-stm32mp21-0126.png
2026-01-15 13:52:38,604 [INFO] MainUpdater:2872 - connection check result : 10
2026-01-15 13:52:38,604 [INFO] MainUpdater:2872 - connection check result : 10
2026-01-15 13:52:38,624 [INFO] MicroXplorer:468 - Change Database Path : 
2026-01-15 13:52:38,629 [INFO] MicroXplorer:498 - Change Database Version : DB.6.0.150
2026-01-15 13:52:38,637 [WARN] ThirdParty:871 - waiting for thirdparty lock release [close project]
2026-01-15 13:52:38,638 [INFO] ThirdParty:873 - entering critical section [close project]
2026-01-15 13:52:38,642 [INFO] ThirdParty:883 - exiting critical section [close project]
2026-01-15 13:52:38,645 [INFO] PinOutPanel:1589 - setPackage(No Configuration,No Configuration)
2026-01-15 13:52:38,646 [INFO] UtilMem:75 - Begin LoadConfig() Used Memory: 690441808 Bytes (1063256064)
2026-01-15 13:52:38,648 [INFO] MicroXplorer:468 - Change Database Path : 
2026-01-15 13:52:38,648 [INFO] MicroXplorer:498 - Change Database Version : DB.6.0.150
2026-01-15 13:52:38,648 [INFO] OpenFileManager:355 - Change cursor
2026-01-15 13:52:38,696 [INFO] Mcu:2029 - Initializing MCU STM32F051R8Tx STM32F051R8Tx STM32F051R8T6
2026-01-15 13:52:40,134 [INFO] Context:786 - Trying to add GPIOservice into a context  which must be forbidden
2026-01-15 13:52:40,474 [INFO] ImportTextPane:234 - (OptionalMessage_ERROR) Unable to find key (Mcu.ThirdPartyNb) in loaded IOC file
2026-01-15 13:52:40,475 [INFO] ImportTextPane:234 - (OptionalMessage_ERROR) Unable to find key (Mcu.PinsNb) in loaded IOC file
2026-01-15 13:52:40,475 [INFO] ImportTextPane:234 - (OptionalMessage_ERROR) Pin0 (VP_RIF_VS_RIF1) cannot be retrieved for this MCU
2026-01-15 13:52:40,475 [INFO] ImportTextPane:234 - (OptionalMessage_ERROR) Unable to find key (Mcu.IPNb) in loaded IOC file
2026-01-15 13:52:40,538 [INFO] RtosManager:558 - Registered RTOS mode: class=CMSIS, group=RTOS, mode=CMSIS_V1, owner=FREERTOS
2026-01-15 13:52:40,538 [INFO] RtosManager:558 - Registered RTOS mode: class=CMSIS, group=RTOS2, mode=CMSIS_V2, owner=FREERTOS
2026-01-15 13:52:40,539 [INFO] RtosManager:558 - Registered RTOS mode: class=RTOS, group=Core, mode=CMSIS_V1, owner=FREERTOS
2026-01-15 13:52:40,539 [INFO] RtosManager:558 - Registered RTOS mode: class=RTOS, group=Core, mode=CMSIS_V2, owner=FREERTOS
2026-01-15 13:52:40,539 [WARN] ModelIntegratedComponent:184 - Missing modes for component STMicroelectronics:FreeRTOS:0.0.1:STMicroelectronics:RTOS:FreeRTOS:Core:::10.2.0:
2026-01-15 13:52:40,541 [WARN] ModelIntegratedComponent:63 - No mode defined for component null
2026-01-15 13:52:40,541 [WARN] ModelIntegratedComponent:63 - No mode defined for component null
2026-01-15 13:52:40,541 [WARN] ModelIntegratedComponent:63 - No mode defined for component null
2026-01-15 13:52:40,541 [WARN] ModelIntegratedComponent:63 - No mode defined for component null
2026-01-15 13:52:40,541 [WARN] ModelIntegratedComponent:63 - No mode defined for component null
2026-01-15 13:52:40,541 [WARN] ModelIntegratedComponent:63 - No mode defined for component null
2026-01-15 13:52:40,542 [WARN] ModelIntegratedComponent:63 - No mode defined for component null
2026-01-15 13:52:40,542 [WARN] ModelIntegratedComponent:63 - No mode defined for component null
2026-01-15 13:52:40,542 [WARN] ModelIntegratedComponent:63 - No mode defined for component null
2026-01-15 13:52:40,542 [WARN] ModelIntegratedComponent:63 - No mode defined for component null
2026-01-15 13:52:40,542 [WARN] ModelIntegratedComponent:63 - No mode defined for component null
2026-01-15 13:52:40,542 [WARN] ModelIntegratedComponent:63 - No mode defined for component null
2026-01-15 13:52:40,542 [WARN] ModelIntegratedComponent:63 - No mode defined for component null
2026-01-15 13:52:40,542 [WARN] ModelIntegratedComponent:63 - No mode defined for component null
2026-01-15 13:52:40,542 [WARN] ModelIntegratedComponent:63 - No mode defined for component null
2026-01-15 13:52:40,542 [WARN] ModelIntegratedComponent:63 - No mode defined for component null
2026-01-15 13:52:40,542 [WARN] ModelIntegratedComponent:63 - No mode defined for component null
2026-01-15 13:52:40,542 [WARN] ModelIntegratedComponent:63 - No mode defined for component null
2026-01-15 13:52:40,542 [WARN] ModelIntegratedComponent:63 - No mode defined for component null
2026-01-15 13:52:40,542 [WARN] ModelIntegratedComponent:63 - No mode defined for component null
2026-01-15 13:52:40,542 [WARN] ModelIntegratedComponent:63 - No mode defined for component null
2026-01-15 13:52:40,542 [WARN] ModelIntegratedComponent:63 - No mode defined for component null
2026-01-15 13:52:40,543 [WARN] ModelIntegratedComponent:63 - No mode defined for component null
2026-01-15 13:52:40,543 [WARN] ModelIntegratedComponent:63 - No mode defined for component null
2026-01-15 13:52:40,543 [WARN] ModelIntegratedComponent:63 - No mode defined for component null
2026-01-15 13:52:40,543 [WARN] ModelIntegratedComponent:63 - No mode defined for component null
2026-01-15 13:52:40,543 [WARN] ModelIntegratedComponent:63 - No mode defined for component null
2026-01-15 13:52:40,543 [WARN] ModelIntegratedComponent:63 - No mode defined for component null
2026-01-15 13:52:40,543 [WARN] ModelIntegratedComponent:63 - No mode defined for component null
2026-01-15 13:52:40,543 [WARN] ModelIntegratedComponent:63 - No mode defined for component null
2026-01-15 13:52:40,543 [WARN] ModelIntegratedComponent:63 - No mode defined for component null
2026-01-15 13:52:40,543 [WARN] ModelIntegratedComponent:63 - No mode defined for component null
2026-01-15 13:52:40,543 [WARN] ModelIntegratedComponent:63 - No mode defined for component null
2026-01-15 13:52:40,543 [WARN] ModelIntegratedComponent:63 - No mode defined for component null
2026-01-15 13:52:40,543 [WARN] ModelIntegratedComponent:63 - No mode defined for component null
2026-01-15 13:52:40,544 [WARN] ModelPack:524 - Component already loaded: STMicroelectronics:HAL Drivers:0.0.0:STMicroelectronics:Device:STMicro_Driver:XSPI:HAL::0.0.1:HAL_XSPI
2026-01-15 13:52:40,549 [INFO] ThirdPartyModel:298 - Start build external matchings
2026-01-15 13:52:40,551 [INFO] ThirdPartyModel:316 - End build external matchings
2026-01-15 13:52:40,783 [INFO] UtilMem:75 - End LoadConfig() Used Memory: 941154448 Bytes (1073741824)
2026-01-15 13:52:40,804 [WARN] ThirdParty:833 - waiting for thirdparty lock release [change project]
2026-01-15 13:52:40,805 [INFO] ThirdParty:835 - entering critical section [change project]
2026-01-15 13:52:40,806 [INFO] ThirdParty:1030 - CMSIS Pack Vendor :STMicroelectronics USBPD 4.1
2026-01-15 13:52:40,806 [INFO] ThirdParty:1030 - CMSIS Pack Vendor :STMicroelectronics ThreadX 1.0.0
2026-01-15 13:52:40,807 [INFO] ThirdParty:1030 - CMSIS Pack Vendor :STMicroelectronics FP-SNS-SMARTAG2 1.2.0
2026-01-15 13:52:40,807 [INFO] ThirdParty:1030 - CMSIS Pack Vendor :STMicroelectronics FP-SNS-FLIGHT1 5.1.0
2026-01-15 13:52:40,807 [INFO] ThirdParty:1030 - CMSIS Pack Vendor :STMicroelectronics USB_HOST 2.0.0
2026-01-15 13:52:40,807 [INFO] ThirdParty:1030 - CMSIS Pack Vendor :STMicroelectronics FP-SNS-MOTENVWB1 1.4.0
2026-01-15 13:52:40,807 [INFO] ThirdParty:1030 - CMSIS Pack Vendor :STMicroelectronics LIBJPEG 8.0.0
2026-01-15 13:52:40,807 [INFO] ThirdParty:1030 - CMSIS Pack Vendor :STMicroelectronics FP-ATR-ASTRA1 2.0.2
2026-01-15 13:52:40,807 [INFO] ThirdParty:1030 - CMSIS Pack Vendor :STMicroelectronics FP-ATR-SIGFOX1 3.2.0
2026-01-15 13:52:40,807 [INFO] ThirdParty:1030 - CMSIS Pack Vendor :STMicroelectronics FreeRTOS 0.0.1
2026-01-15 13:52:40,807 [INFO] ThirdParty:1030 - CMSIS Pack Vendor :STMicroelectronics USB_DEVICE 1.0.0
2026-01-15 13:52:40,808 [INFO] ThirdParty:1030 - CMSIS Pack Vendor :STMicroelectronics STM32_WPAN 1.0.0
2026-01-15 13:52:40,808 [INFO] ThirdParty:1030 - CMSIS Pack Vendor :STMicroelectronics USB_DEVICE 3.0.0
2026-01-15 13:52:40,808 [INFO] ThirdParty:1030 - CMSIS Pack Vendor :STMicroelectronics HAL Drivers 0.0.0
2026-01-15 13:52:40,808 [INFO] ThirdParty:1030 - CMSIS Pack Vendor :STMicroelectronics MBEDTLS 2.16.2
2026-01-15 13:52:40,808 [INFO] ThirdParty:1030 - CMSIS Pack Vendor :STMicroelectronics ThreadX 0.0.2
2026-01-15 13:52:40,808 [INFO] ThirdParty:1030 - CMSIS Pack Vendor :STMicroelectronics lwIP 2.0.3
2026-01-15 13:52:40,808 [INFO] ThirdParty:1030 - CMSIS Pack Vendor :STMicroelectronics lwIP 2.1.2
2026-01-15 13:52:40,808 [INFO] ThirdParty:1030 - CMSIS Pack Vendor :STMicroelectronics MBEDTLS 2.14.1
2026-01-15 13:52:40,808 [INFO] ThirdParty:1030 - CMSIS Pack Vendor :STMicroelectronics USB_HOST 1.0.0
2026-01-15 13:52:40,809 [INFO] ThirdParty:1030 - CMSIS Pack Vendor :STMicroelectronics PDM2PCM 3.1.0
2026-01-15 13:52:40,809 [INFO] ThirdParty:1030 - CMSIS Pack Vendor :STMicroelectronics PDM2PCM 3.2.0
2026-01-15 13:52:40,809 [INFO] ThirdParty:1030 - CMSIS Pack Vendor :STMicroelectronics USB_DEVICE 2.0.0
2026-01-15 13:52:40,810 [INFO] ThirdParty:1030 - CMSIS Pack Vendor :STMicroelectronics PDM2PCM 3.3.0
2026-01-15 13:52:40,810 [INFO] ThirdParty:841 - exiting critical section [change project]
2026-01-15 13:52:41,137 [INFO] PinOutPanel:1589 - setPackage(No Configuration,No Configuration)
2026-01-15 13:52:41,139 [INFO] PinOutPanel:1589 - setPackage(STM32F051R8Tx,LQFP64)
2026-01-15 13:52:41,906 [INFO] UtilMem:75 - Before build in PCC Used Memory: 720290960 Bytes (1073741824)
2026-01-15 13:52:42,725 [INFO] UtilMem:75 - After build in PCC Used Memory: 893398024 Bytes (1073741824)
2026-01-15 13:52:42,750 [INFO] IPUIPlugin:80 - create IPUIPlugin
2026-01-15 13:52:42,751 [INFO] IPUIPlugin:80 - create IPUIPlugin
2026-01-15 13:52:42,751 [INFO] IPUIPlugin:80 - create IPUIPlugin
2026-01-15 13:52:42,751 [INFO] IPUIPlugin:80 - create IPUIPlugin
2026-01-15 13:52:42,751 [INFO] IPUIPlugin:80 - create IPUIPlugin
2026-01-15 13:52:42,751 [INFO] IPUIPlugin:80 - create IPUIPlugin
2026-01-15 13:52:42,751 [INFO] IPUIPlugin:80 - create IPUIPlugin
2026-01-15 13:52:42,751 [INFO] IPUIPlugin:80 - create IPUIPlugin
2026-01-15 13:52:42,751 [INFO] IPUIPlugin:80 - create IPUIPlugin
2026-01-15 13:52:42,751 [INFO] IPUIPlugin:80 - create IPUIPlugin
2026-01-15 13:52:42,752 [INFO] IPUIPlugin:80 - create IPUIPlugin
2026-01-15 13:52:42,752 [INFO] IPUIPlugin:80 - create IPUIPlugin
2026-01-15 13:52:42,752 [INFO] IPUIPlugin:80 - create IPUIPlugin
2026-01-15 13:52:42,752 [INFO] IPUIPlugin:80 - create IPUIPlugin
2026-01-15 13:52:42,752 [INFO] IPUIPlugin:80 - create IPUIPlugin
2026-01-15 13:52:42,752 [INFO] IPUIPlugin:80 - create IPUIPlugin
2026-01-15 13:52:42,752 [INFO] IPUIPlugin:80 - create IPUIPlugin
2026-01-15 13:52:42,752 [INFO] IPUIPlugin:80 - create IPUIPlugin
2026-01-15 13:52:42,753 [INFO] IPUIPlugin:80 - create IPUIPlugin
2026-01-15 13:52:42,753 [INFO] IPUIPlugin:80 - create IPUIPlugin
2026-01-15 13:52:42,753 [INFO] IPUIPlugin:80 - create IPUIPlugin
2026-01-15 13:52:42,753 [INFO] IPUIPlugin:80 - create IPUIPlugin
2026-01-15 13:52:42,753 [INFO] IPUIPlugin:80 - create IPUIPlugin
2026-01-15 13:52:42,753 [INFO] IPUIPlugin:80 - create IPUIPlugin
2026-01-15 13:52:42,754 [INFO] IPUIPlugin:80 - create IPUIPlugin
2026-01-15 13:52:42,754 [INFO] IPUIPlugin:80 - create IPUIPlugin
2026-01-15 13:52:42,754 [INFO] IPUIPlugin:80 - create IPUIPlugin
2026-01-15 13:52:42,754 [INFO] IPUIPlugin:80 - create IPUIPlugin
2026-01-15 13:52:42,754 [INFO] IPUIPlugin:80 - create IPUIPlugin
2026-01-15 13:52:42,755 [INFO] IPUIPlugin:80 - create IPUIPlugin
2026-01-15 13:52:42,755 [INFO] IPUIPlugin:80 - create IPUIPlugin
2026-01-15 13:52:42,756 [INFO] IPUIPlugin:80 - create IPUIPlugin
2026-01-15 13:52:42,756 [INFO] IPUIPlugin:80 - create IPUIPlugin
2026-01-15 13:52:42,757 [INFO] IPUIPlugin:80 - create IPUIPlugin
2026-01-15 13:52:42,953 [INFO] CADModel:165 - CPN selected for project levelSTM32F051R8T6
2026-01-15 13:52:42,953 [INFO] CADModel:114 - Register for checkConnection events
2026-01-15 13:52:43,002 [INFO] OpenFileManager:386 - Restore cursor
2026-01-15 13:52:43,995 [INFO] UtilMem:75 - End SaveConfig() Used Memory: 809049392 Bytes (1073741824)
2026-01-15 13:52:44,048 [INFO] UtilMem:75 - End SaveConfig() Used Memory: 826537984 Bytes (1073741824)
2026-01-15 13:52:44,494 [INFO] BlockDiagram:2775 - set Specific Code input for plugin: NVIC
2026-01-15 13:52:44,494 [INFO] BlockDiagram:2775 - set Specific Code input for plugin: RCC
2026-01-15 13:52:44,496 [INFO] CodeGenerator:892 - code generatio: config db path: G:\STM32CubeIDE_1.19.0\STM32CubeIDE\plugins\com.st.stm32cube.common.mx_6.15.0.202507011659\\db\
2026-01-15 13:52:44,632 [INFO] CodeEngine:265 - oldGeneratedFile, C:\Users\User\Desktop\Minesweeper_student_practice\STM32_SAPER\MXTmpFiles\license.tmp_save
2026-01-15 13:52:45,119 [INFO] CodeEngine:289 - Generated code: C:\Users\User\Desktop\Minesweeper_student_practice\STM32_SAPER\MXTmpFiles\license.tmp
2026-01-15 13:52:45,145 [INFO] CodeEngine:265 - oldGeneratedFile, C:\Users\User\Desktop\Minesweeper_student_practice\STM32_SAPER\Core\Src\stm32f0xx_it.c_save
2026-01-15 13:52:45,306 [INFO] CodeEngine:289 - Generated code: C:\Users\User\Desktop\Minesweeper_student_practice\STM32_SAPER\Core\Src\stm32f0xx_it.c
2026-01-15 13:52:45,311 [INFO] CodeEngine:265 - oldGeneratedFile, C:\Users\User\Desktop\Minesweeper_student_practice\STM32_SAPER\Core\Inc\stm32f0xx_it.h_save
2026-01-15 13:52:45,384 [INFO] CodeEngine:289 - Generated code: C:\Users\User\Desktop\Minesweeper_student_practice\STM32_SAPER\Core\Inc\stm32f0xx_it.h
2026-01-15 13:52:45,469 [INFO] CodeEngine:265 - oldGeneratedFile, C:\Users\User\Desktop\Minesweeper_student_practice\STM32_SAPER\Core\Src\stm32f0xx_hal_msp.c_save
2026-01-15 13:52:45,575 [INFO] CodeEngine:289 - Generated code: C:\Users\User\Desktop\Minesweeper_student_practice\STM32_SAPER\Core\Src\stm32f0xx_hal_msp.c
2026-01-15 13:52:45,581 [INFO] CodeEngine:265 - oldGeneratedFile, C:\Users\User\Desktop\Minesweeper_student_practice\STM32_SAPER\MXTmpFiles\system.tmp_save
2026-01-15 13:52:45,646 [INFO] CodeEngine:289 - Generated code: C:\Users\User\Desktop\Minesweeper_student_practice\STM32_SAPER\MXTmpFiles\system.tmp
2026-01-15 13:52:45,657 [INFO] CodeEngine:321 - oldGeneratedFile, C:\Users\User\Desktop\Minesweeper_student_practice\STM32_SAPER\Core\Inc\stm32f0xx_hal_conf.h_save
2026-01-15 13:52:45,734 [INFO] CodeEngine:345 - Generated code: C:\Users\User\Desktop\Minesweeper_student_practice\STM32_SAPER\Core\Inc\stm32f0xx_hal_conf.h
2026-01-15 13:52:45,775 [INFO] ApiDbMcu:532 - Load IP Config File for RCC
2026-01-15 13:52:45,783 [INFO] CodeEngine:265 - oldGeneratedFile, C:\Users\User\Desktop\Minesweeper_student_practice\STM32_SAPER\Core\Inc\main.h_save
2026-01-15 13:52:45,867 [INFO] CodeEngine:289 - Generated code: C:\Users\User\Desktop\Minesweeper_student_practice\STM32_SAPER\Core\Inc\main.h
2026-01-15 13:52:45,873 [INFO] CodeEngine:265 - oldGeneratedFile, C:\Users\User\Desktop\Minesweeper_student_practice\STM32_SAPER\Core\Src\main.c_save
2026-01-15 13:52:45,983 [INFO] CodeEngine:289 - Generated code: C:\Users\User\Desktop\Minesweeper_student_practice\STM32_SAPER\Core\Src\main.c
2026-01-15 13:52:46,394 [INFO] ProjectBuilder:3606 - Time for Copy HAL[1] : 113mS.
2026-01-15 13:52:46,401 [INFO] ProjectBuilder:5216 - Project Generator version: 4.7.0-B52
2026-01-15 13:52:46,511 [INFO] ConfigFileManager:1595 - The Die is : DIE440
2026-01-15 13:52:46,521 [INFO] ApiDbMcu:532 - Load IP Config File for FATFS
2026-01-15 13:52:46,544 [INFO] ApiDbMcu:532 - Load IP Config File for FREERTOS
2026-01-15 13:52:46,663 [INFO] ApiDbMcu:532 - Load IP Config File for TOUCHSENSING
2026-01-15 13:52:46,980 [INFO] LogOutputStream:77 - [STDOUT_REDIRECT] 
2026-01-15 13:52:49,083 [INFO] ProjectBuilder:5496 - Time for Generating toolchain IDE Files: 2682mS.
2026-01-15 13:52:49,084 [INFO] ProjectBuilder:3463 - Time for Copy CMSIS : 1mS.
2026-01-15 13:52:49,087 [INFO] ProjectBuilder:3463 - Time for Copy CMSIS : 0mS.
2026-01-15 13:52:50,007 [INFO] McuFinderGlobals:76 - Set McuFinderConnectedMode to true
2026-01-15 13:52:50,010 [INFO] ApiDb:448 - Save user favorites file C:\Users\User/.stm32cubeide/favorites.mcus.txt: 0 item(s)
2026-01-15 13:52:50,011 [INFO] ApiDb:452 - User favorites MCUs=[]
2026-01-15 13:53:44,864 [INFO] NvicIntPanel:101 - NVIC parent = com.st.microxplorer.plugins.ip.nvic.MultiNvicIntPanel[,0,0,0x0,invalid,layout=javax.swing.BoxLayout,alignmentX=0.0,alignmentY=0.0,border=,flags=9,maximumSize=,minimumSize=,preferredSize=]
2026-01-15 13:54:24,926 [INFO] NvicIntPanel:101 - NVIC parent = com.st.microxplorer.plugins.ip.nvic.MultiNvicIntPanel[,0,0,515x294,layout=javax.swing.BoxLayout,alignmentX=0.0,alignmentY=0.0,border=,flags=9,maximumSize=,minimumSize=,preferredSize=]
2026-01-15 13:55:21,250 [INFO] UtilMem:75 - End SaveConfig() Used Memory: 829775120 Bytes (1073741824)
2026-01-15 13:55:22,662 [INFO] UtilMem:75 - End SaveConfig() Used Memory: 853342984 Bytes (1073741824)
2026-01-15 13:55:22,817 [INFO] UtilMem:75 - End SaveConfig() Used Memory: 876123240 Bytes (1073741824)
2026-01-15 13:55:22,931 [INFO] BlockDiagram:2775 - set Specific Code input for plugin: NVIC
2026-01-15 13:55:22,931 [INFO] BlockDiagram:2775 - set Specific Code input for plugin: USART
2026-01-15 13:55:22,931 [INFO] BlockDiagram:2775 - set Specific Code input for plugin: SYS
2026-01-15 13:55:22,932 [INFO] BlockDiagram:2775 - set Specific Code input for plugin: GPIO
2026-01-15 13:55:22,932 [INFO] BlockDiagram:2775 - set Specific Code input for plugin: RCC
2026-01-15 13:55:22,933 [INFO] CodeGenerator:892 - code generatio: config db path: G:\STM32CubeIDE_1.19.0\STM32CubeIDE\plugins\com.st.stm32cube.common.mx_6.15.0.202507011659\\db\
2026-01-15 13:55:23,006 [INFO] CodeEngine:265 - oldGeneratedFile, C:\Users\User\Desktop\Minesweeper_student_practice\STM32_SAPER\MXTmpFiles\license.tmp_save
2026-01-15 13:55:23,074 [INFO] CodeEngine:289 - Generated code: C:\Users\User\Desktop\Minesweeper_student_practice\STM32_SAPER\MXTmpFiles\license.tmp
2026-01-15 13:55:23,108 [INFO] CodeEngine:265 - oldGeneratedFile, C:\Users\User\Desktop\Minesweeper_student_practice\STM32_SAPER\MXTmpFiles\gpio.tmp_save
2026-01-15 13:55:23,175 [INFO] CodeEngine:289 - Generated code: C:\Users\User\Desktop\Minesweeper_student_practice\STM32_SAPER\MXTmpFiles\gpio.tmp
2026-01-15 13:55:23,240 [INFO] CodeEngine:265 - oldGeneratedFile, C:\Users\User\Desktop\Minesweeper_student_practice\STM32_SAPER\Core\Src\stm32f0xx_it.c_save
2026-01-15 13:55:23,314 [INFO] CodeEngine:289 - Generated code: C:\Users\User\Desktop\Minesweeper_student_practice\STM32_SAPER\Core\Src\stm32f0xx_it.c
2026-01-15 13:55:23,323 [INFO] CodeEngine:265 - oldGeneratedFile, C:\Users\User\Desktop\Minesweeper_student_practice\STM32_SAPER\Core\Inc\stm32f0xx_it.h_save
2026-01-15 13:55:23,392 [INFO] CodeEngine:289 - Generated code: C:\Users\User\Desktop\Minesweeper_student_practice\STM32_SAPER\Core\Inc\stm32f0xx_it.h
2026-01-15 13:55:23,410 [INFO] CodeEngine:265 - oldGeneratedFile, C:\Users\User\Desktop\Minesweeper_student_practice\STM32_SAPER\Core\Src\stm32f0xx_hal_msp.c_save
2026-01-15 13:55:23,535 [INFO] CodeEngine:289 - Generated code: C:\Users\User\Desktop\Minesweeper_student_practice\STM32_SAPER\Core\Src\stm32f0xx_hal_msp.c
2026-01-15 13:55:23,540 [INFO] CodeEngine:265 - oldGeneratedFile, C:\Users\User\Desktop\Minesweeper_student_practice\STM32_SAPER\MXTmpFiles\system.tmp_save
2026-01-15 13:55:23,590 [INFO] CodeEngine:289 - Generated code: C:\Users\User\Desktop\Minesweeper_student_practice\STM32_SAPER\MXTmpFiles\system.tmp
2026-01-15 13:55:23,602 [INFO] CodeEngine:321 - oldGeneratedFile, C:\Users\User\Desktop\Minesweeper_student_practice\STM32_SAPER\Core\Inc\stm32f0xx_hal_conf.h_save
2026-01-15 13:55:23,659 [INFO] CodeEngine:345 - Generated code: C:\Users\User\Desktop\Minesweeper_student_practice\STM32_SAPER\Core\Inc\stm32f0xx_hal_conf.h
2026-01-15 13:55:23,688 [INFO] ApiDbMcu:532 - Load IP Config File for USART1
2026-01-15 13:55:23,701 [INFO] CodeEngine:265 - oldGeneratedFile, C:\Users\User\Desktop\Minesweeper_student_practice\STM32_SAPER\Core\Inc\main.h_save
2026-01-15 13:55:23,763 [INFO] CodeEngine:289 - Generated code: C:\Users\User\Desktop\Minesweeper_student_practice\STM32_SAPER\Core\Inc\main.h
2026-01-15 13:55:23,771 [INFO] CodeEngine:265 - oldGeneratedFile, C:\Users\User\Desktop\Minesweeper_student_practice\STM32_SAPER\Core\Src\main.c_save
2026-01-15 13:55:23,854 [INFO] CodeEngine:289 - Generated code: C:\Users\User\Desktop\Minesweeper_student_practice\STM32_SAPER\Core\Src\main.c
2026-01-15 13:55:24,126 [INFO] ProjectBuilder:3606 - Time for Copy HAL[1] : 132mS.
2026-01-15 13:55:24,130 [INFO] ProjectBuilder:5216 - Project Generator version: 4.7.0-B52
2026-01-15 13:55:24,190 [INFO] ConfigFileManager:1595 - The Die is : DIE440
2026-01-15 13:55:25,072 [INFO] ProjectBuilder:5496 - Time for Generating toolchain IDE Files: 941mS.
2026-01-15 13:55:25,073 [INFO] ProjectBuilder:3463 - Time for Copy CMSIS : 1mS.
2026-01-15 13:55:25,077 [INFO] ProjectBuilder:3463 - Time for Copy CMSIS : 0mS.
2026-01-15 13:55:30,228 [ERROR] LogOutputStream:75 - [STDERR_REDIRECT] 
